TN:
SF:js\constants.js
FNF:0
FNH:0
DA:4,0
DA:11,0
DA:23,0
DA:31,0
DA:38,0
DA:47,0
DA:53,0
DA:59,0
DA:62,0
DA:69,0
LF:10
LH:0
BRF:0
BRH:0
end_of_record
TN:
SF:js\main.js
FN:6,initialize
FN:12,(anonymous_1)
FN:35,(anonymous_2)
FN:45,(anonymous_3)
FN:55,(anonymous_4)
FNF:5
FNH:0
FNDA:0,initialize
FNDA:0,(anonymous_1)
FNDA:0,(anonymous_2)
FNDA:0,(anonymous_3)
FNDA:0,(anonymous_4)
DA:8,0
DA:9,0
DA:12,0
DA:13,0
DA:14,0
DA:15,0
DA:17,0
DA:26,0
DA:27,0
DA:30,0
DA:35,0
DA:36,0
DA:37,0
DA:39,0
DA:40,0
DA:45,0
DA:46,0
DA:48,0
DA:49,0
DA:51,0
DA:55,0
DA:56,0
DA:57,0
DA:62,0
LF:24
LH:0
BRDA:8,0,0,0
BRDA:8,0,1,0
BRDA:13,1,0,0
BRDA:13,1,1,0
BRDA:15,2,0,0
BRDA:15,2,1,0
BRDA:26,3,0,0
BRDA:26,3,1,0
BRDA:26,3,2,0
BRDA:27,4,0,0
BRDA:27,4,1,0
BRDA:36,5,0,0
BRDA:36,5,1,0
BRDA:36,6,0,0
BRDA:36,6,1,0
BRDA:39,7,0,0
BRDA:39,7,1,0
BRDA:39,8,0,0
BRDA:39,8,1,0
BRDA:46,9,0,0
BRDA:46,9,1,0
BRDA:48,10,0,0
BRDA:48,10,1,0
BRDA:48,11,0,0
BRDA:48,11,1,0
BRDA:48,11,2,0
BRDA:56,12,0,0
BRDA:56,12,1,0
BRF:28
BRH:0
end_of_record
TN:
SF:js\state.js
FNF:0
FNH:0
DA:3,0
LF:1
LH:0
BRF:0
BRH:0
end_of_record
TN:
SF:js\utils.js
FN:9,(anonymous_0)
FN:59,(anonymous_1)
FN:68,(anonymous_2)
FN:77,(anonymous_3)
FN:87,(anonymous_4)
FN:96,(anonymous_5)
FN:105,(anonymous_6)
FN:113,(anonymous_7)
FN:121,(anonymous_8)
FN:129,(anonymous_9)
FN:136,showToast
FN:157,(anonymous_11)
FN:160,(anonymous_12)
FN:162,(anonymous_13)
FN:169,shortenLink
FN:172,(anonymous_15)
FN:189,showConfirmationToast
FN:233,(anonymous_17)
FN:238,(anonymous_18)
FN:241,(anonymous_19)
FN:248,(anonymous_20)
FNF:21
FNH:15
FNDA:0,(anonymous_0)
FNDA:2,(anonymous_1)
FNDA:2,(anonymous_2)
FNDA:2,(anonymous_3)
FNDA:2,(anonymous_4)
FNDA:2,(anonymous_5)
FNDA:2,(anonymous_6)
FNDA:2,(anonymous_7)
FNDA:2,(anonymous_8)
FNDA:2,(anonymous_9)
FNDA:2,showToast
FNDA:1,(anonymous_11)
FNDA:1,(anonymous_12)
FNDA:1,(anonymous_13)
FNDA:5,shortenLink
FNDA:2,(anonymous_15)
FNDA:0,showConfirmationToast
FNDA:0,(anonymous_17)
FNDA:0,(anonymous_18)
FNDA:0,(anonymous_19)
FNDA:0,(anonymous_20)
DA:7,2
DA:10,0
DA:12,0
DA:14,0
DA:18,0
DA:19,0
DA:23,0
DA:24,0
DA:25,0
DA:31,0
DA:32,0
DA:33,0
DA:39,0
DA:40,0
DA:43,0
DA:49,0
DA:52,0
DA:60,2
DA:61,1
DA:62,1
DA:69,2
DA:70,1
DA:71,1
DA:79,2
DA:80,2
DA:88,2
DA:89,1
DA:90,1
DA:97,2
DA:98,1
DA:99,1
DA:106,2
DA:107,1
DA:114,2
DA:115,1
DA:122,2
DA:123,1
DA:130,2
DA:131,1
DA:137,2
DA:138,2
DA:139,2
DA:140,2
DA:141,2
DA:142,2
DA:143,2
DA:144,2
DA:145,2
DA:146,2
DA:147,2
DA:148,2
DA:149,2
DA:150,2
DA:151,2
DA:152,2
DA:153,2
DA:154,2
DA:155,2
DA:156,2
DA:157,2
DA:158,1
DA:160,2
DA:161,1
DA:162,1
DA:163,1
DA:170,5
DA:171,3
DA:172,2
DA:173,2
DA:174,2
DA:176,1
DA:179,2
DA:180,1
DA:182,1
DA:185,1
DA:187,1
DA:191,0
DA:192,0
DA:193,0
DA:194,0
DA:198,0
DA:199,0
DA:200,0
DA:220,0
DA:222,0
DA:230,0
DA:233,0
DA:234,0
DA:235,0
DA:238,0
DA:239,0
DA:240,0
DA:241,0
DA:245,0
DA:246,0
DA:247,0
DA:248,0
DA:249,0
DA:250,0
DA:256,0
DA:257,0
DA:258,0
LF:102
LH:60
BRDA:12,0,0,0
BRDA:12,0,1,0
BRDA:12,1,0,0
BRDA:12,1,1,0
BRDA:18,2,0,0
BRDA:18,2,1,0
BRDA:25,3,0,0
BRDA:25,3,1,0
BRDA:33,4,0,0
BRDA:33,4,1,0
BRDA:40,5,0,0
BRDA:40,5,1,0
BRDA:40,6,0,0
BRDA:40,6,1,0
BRDA:40,6,2,0
BRDA:60,7,0,1
BRDA:60,7,1,1
BRDA:69,8,0,1
BRDA:69,8,1,1
BRDA:88,9,0,1
BRDA:88,9,1,1
BRDA:97,10,0,1
BRDA:97,10,1,1
BRDA:106,11,0,1
BRDA:106,11,1,1
BRDA:114,12,0,1
BRDA:114,12,1,1
BRDA:122,13,0,1
BRDA:122,13,1,1
BRDA:130,14,0,1
BRDA:130,14,1,1
BRDA:138,15,0,1
BRDA:138,15,1,1
BRDA:169,16,0,2
BRDA:170,17,0,2
BRDA:170,17,1,3
BRDA:171,18,0,1
BRDA:171,18,1,2
BRDA:179,19,0,1
BRDA:179,19,1,1
BRDA:182,20,0,1
BRDA:182,20,1,0
BRDA:192,21,0,0
BRDA:192,21,1,0
BRDA:220,22,0,0
BRDA:220,22,1,0
BRDA:225,23,0,0
BRDA:225,23,1,0
BRDA:226,24,0,0
BRDA:226,24,1,0
BRDA:245,25,0,0
BRDA:245,25,1,0
BRDA:247,26,0,0
BRDA:247,26,1,0
BRDA:257,27,0,0
BRDA:257,27,1,0
BRF:56
BRH:26
end_of_record
TN:
SF:js\core\highlighter.js
FN:6,setupHighlighter
FN:17,clearHighlight
FN:27,(anonymous_2)
FN:34,(anonymous_3)
FN:47,(anonymous_4)
FN:59,(anonymous_5)
FN:81,(anonymous_6)
FN:90,showScrapSaveModalInline
FN:181,(anonymous_8)
FN:187,updateSaveButtonText
FN:202,(anonymous_10)
FN:214,(anonymous_11)
FN:240,(anonymous_12)
FN:245,(anonymous_13)
FN:252,(anonymous_14)
FN:264,(anonymous_15)
FN:268,(anonymous_16)
FN:287,(anonymous_17)
FN:309,(anonymous_18)
FN:328,(anonymous_19)
FN:332,(anonymous_20)
FN:336,(anonymous_21)
FN:352,(anonymous_22)
FNF:23
FNH:0
FNDA:0,setupHighlighter
FNDA:0,clearHighlight
FNDA:0,(anonymous_2)
FNDA:0,(anonymous_3)
FNDA:0,(anonymous_4)
FNDA:0,(anonymous_5)
FNDA:0,(anonymous_6)
FNDA:0,showScrapSaveModalInline
FNDA:0,(anonymous_8)
FNDA:0,updateSaveButtonText
FNDA:0,(anonymous_10)
FNDA:0,(anonymous_11)
FNDA:0,(anonymous_12)
FNDA:0,(anonymous_13)
FNDA:0,(anonymous_14)
FNDA:0,(anonymous_15)
FNDA:0,(anonymous_16)
FNDA:0,(anonymous_17)
FNDA:0,(anonymous_18)
FNDA:0,(anonymous_19)
FNDA:0,(anonymous_20)
FNDA:0,(anonymous_21)
FNDA:0,(anonymous_22)
DA:7,0
DA:8,0
DA:10,0
DA:13,0
DA:14,0
DA:18,0
DA:19,0
DA:20,0
DA:25,0
DA:28,0
DA:29,0
DA:34,0
DA:35,0
DA:36,0
DA:37,0
DA:39,0
DA:40,0
DA:45,0
DA:49,0
DA:50,0
DA:57,0
DA:61,0
DA:62,0
DA:63,0
DA:69,0
DA:70,0
DA:71,0
DA:79,0
DA:82,0
DA:87,0
DA:92,0
DA:93,0
DA:94,0
DA:98,0
DA:99,0
DA:100,0
DA:111,0
DA:112,0
DA:121,0
DA:125,0
DA:160,0
DA:161,0
DA:164,0
DA:165,0
DA:166,0
DA:169,0
DA:170,0
DA:171,0
DA:172,0
DA:174,0
DA:175,0
DA:176,0
DA:177,0
DA:178,0
DA:181,0
DA:182,0
DA:183,0
DA:188,0
DA:190,0
DA:191,0
DA:194,0
DA:195,0
DA:197,0
DA:198,0
DA:202,0
DA:203,0
DA:204,0
DA:206,0
DA:207,0
DA:210,0
DA:215,0
DA:217,0
DA:218,0
DA:219,0
DA:220,0
DA:223,0
DA:224,0
DA:227,0
DA:230,0
DA:235,0
DA:240,0
DA:241,0
DA:245,0
DA:246,0
DA:247,0
DA:252,0
DA:253,0
DA:254,0
DA:255,0
DA:258,0
DA:262,0
DA:266,0
DA:270,0
DA:275,0
DA:277,0
DA:278,0
DA:279,0
DA:282,0
DA:283,0
DA:284,0
DA:285,0
DA:287,0
DA:290,0
DA:291,0
DA:294,0
DA:305,0
DA:306,0
DA:307,0
DA:308,0
DA:309,0
DA:314,0
DA:317,0
DA:318,0
DA:323,0
DA:326,0
DA:328,0
DA:329,0
DA:332,0
DA:333,0
DA:334,0
DA:335,0
DA:336,0
DA:337,0
DA:338,0
DA:340,0
DA:344,0
DA:349,0
DA:350,0
DA:353,0
DA:354,0
DA:355,0
DA:357,0
DA:358,0
DA:366,0
DA:370,0
LF:135
LH:0
BRDA:7,0,0,0
BRDA:7,0,1,0
BRDA:18,1,0,0
BRDA:18,1,1,0
BRDA:28,2,0,0
BRDA:28,2,1,0
BRDA:29,3,0,0
BRDA:29,3,1,0
BRDA:35,4,0,0
BRDA:35,4,1,0
BRDA:36,5,0,0
BRDA:36,5,1,0
BRDA:37,6,0,0
BRDA:37,6,1,0
BRDA:39,7,0,0
BRDA:39,7,1,0
BRDA:40,8,0,0
BRDA:40,8,1,0
BRDA:49,9,0,0
BRDA:49,9,1,0
BRDA:61,10,0,0
BRDA:61,10,1,0
BRDA:61,11,0,0
BRDA:61,11,1,0
BRDA:63,12,0,0
BRDA:63,12,1,0
BRDA:64,13,0,0
BRDA:64,13,1,0
BRDA:64,13,2,0
BRDA:64,13,3,0
BRDA:82,14,0,0
BRDA:82,14,1,0
BRDA:93,15,0,0
BRDA:93,15,1,0
BRDA:121,16,0,0
BRDA:121,16,1,0
BRDA:122,17,0,0
BRDA:122,17,1,0
BRDA:140,18,0,0
BRDA:140,18,1,0
BRDA:169,19,0,0
BRDA:169,19,1,0
BRDA:169,20,0,0
BRDA:169,20,1,0
BRDA:182,21,0,0
BRDA:182,21,1,0
BRDA:188,22,0,0
BRDA:188,22,1,0
BRDA:188,23,0,0
BRDA:188,23,1,0
BRDA:191,24,0,0
BRDA:191,24,1,0
BRDA:203,25,0,0
BRDA:203,25,1,0
BRDA:204,26,0,0
BRDA:204,26,1,0
BRDA:217,27,0,0
BRDA:217,27,1,0
BRDA:223,28,0,0
BRDA:223,28,1,0
BRDA:223,29,0,0
BRDA:223,29,1,0
BRDA:224,30,0,0
BRDA:224,30,1,0
BRDA:224,31,0,0
BRDA:224,31,1,0
BRDA:246,32,0,0
BRDA:246,32,1,0
BRDA:253,33,0,0
BRDA:253,33,1,0
BRDA:270,34,0,0
BRDA:270,34,1,0
BRDA:271,35,0,0
BRDA:271,35,1,0
BRDA:271,35,2,0
BRDA:283,36,0,0
BRDA:283,36,1,0
BRDA:291,37,0,0
BRDA:291,37,1,0
BRDA:295,38,0,0
BRDA:295,38,1,0
BRDA:295,38,2,0
BRDA:296,39,0,0
BRDA:296,39,1,0
BRDA:307,40,0,0
BRDA:307,40,1,0
BRDA:307,41,0,0
BRDA:307,41,1,0
BRDA:307,41,2,0
BRDA:314,42,0,0
BRDA:314,42,1,0
BRDA:326,43,0,0
BRDA:326,43,1,0
BRDA:329,44,0,0
BRDA:329,44,1,0
BRDA:334,45,0,0
BRDA:334,45,1,0
BRDA:334,46,0,0
BRDA:334,46,1,0
BRDA:334,46,2,0
BRDA:335,47,0,0
BRDA:335,47,1,0
BRDA:337,48,0,0
BRDA:337,48,1,0
BRDA:337,49,0,0
BRDA:337,49,1,0
BRDA:340,50,0,0
BRDA:340,50,1,0
BRDA:340,50,2,0
BRDA:353,51,0,0
BRDA:353,51,1,0
BRDA:357,52,0,0
BRDA:357,52,1,0
BRDA:357,53,0,0
BRDA:357,53,1,0
BRF:115
BRH:0
end_of_record
TN:
SF:js\core\scrapbook.js
FN:11,extractContextualContent
FN:36,(anonymous_1)
FN:39,(anonymous_2)
FN:48,collectTextNodes
FN:117,(anonymous_4)
FN:118,(anonymous_5)
FN:131,(anonymous_6)
FN:145,(anonymous_7)
FN:163,(anonymous_8)
FN:188,(anonymous_9)
FN:189,(anonymous_10)
FN:190,(anonymous_11)
FN:194,(anonymous_12)
FN:212,(anonymous_13)
FN:220,(anonymous_14)
FN:236,applyHighlightsToHTML
FN:242,(anonymous_16)
FN:245,(anonymous_17)
FN:260,enrichScrapWithHighlights
FNF:19
FNH:0
FNDA:0,extractContextualContent
FNDA:0,(anonymous_1)
FNDA:0,(anonymous_2)
FNDA:0,collectTextNodes
FNDA:0,(anonymous_4)
FNDA:0,(anonymous_5)
FNDA:0,(anonymous_6)
FNDA:0,(anonymous_7)
FNDA:0,(anonymous_8)
FNDA:0,(anonymous_9)
FNDA:0,(anonymous_10)
FNDA:0,(anonymous_11)
FNDA:0,(anonymous_12)
FNDA:0,(anonymous_13)
FNDA:0,(anonymous_14)
FNDA:0,applyHighlightsToHTML
FNDA:0,(anonymous_16)
FNDA:0,(anonymous_17)
FNDA:0,enrichScrapWithHighlights
DA:14,0
DA:15,0
DA:16,0
DA:17,0
DA:18,0
DA:19,0
DA:21,0
DA:24,0
DA:25,0
DA:29,0
DA:36,0
DA:37,0
DA:38,0
DA:39,0
DA:46,0
DA:49,0
DA:52,0
DA:53,0
DA:55,0
DA:56,0
DA:57,0
DA:60,0
DA:61,0
DA:62,0
DA:63,0
DA:64,0
DA:65,0
DA:66,0
DA:69,0
DA:70,0
DA:71,0
DA:72,0
DA:73,0
DA:76,0
DA:77,0
DA:78,0
DA:79,0
DA:84,0
DA:85,0
DA:86,0
DA:87,0
DA:88,0
DA:89,0
DA:90,0
DA:98,0
DA:104,0
DA:107,0
DA:109,0
DA:110,0
DA:115,0
DA:116,0
DA:117,0
DA:118,0
DA:120,0
DA:121,0
DA:123,0
DA:124,0
DA:125,0
DA:128,0
DA:130,0
DA:131,0
DA:133,0
DA:134,0
DA:135,0
DA:136,0
DA:138,0
DA:139,0
DA:142,0
DA:145,0
DA:146,0
DA:147,0
DA:150,0
DA:151,0
DA:155,0
DA:156,0
DA:157,0
DA:158,0
DA:161,0
DA:162,0
DA:163,0
DA:164,0
DA:168,0
DA:171,0
DA:174,0
DA:177,0
DA:186,0
DA:187,0
DA:188,0
DA:189,0
DA:190,0
DA:194,0
DA:195,0
DA:200,0
DA:202,0
DA:203,0
DA:204,0
DA:209,0
DA:211,0
DA:212,0
DA:213,0
DA:214,0
DA:218,0
DA:220,0
DA:237,0
DA:238,0
DA:242,0
DA:244,0
DA:245,0
DA:246,0
DA:247,0
DA:248,0
DA:249,0
DA:252,0
DA:261,0
DA:262,0
DA:272,0
DA:273,0
DA:276,0
DA:277,0
DA:278,0
DA:279,0
DA:285,0
DA:286,0
DA:287,0
DA:291,0
DA:292,0
DA:296,0
DA:303,0
DA:310,0
DA:316,0
DA:317,0
DA:320,0
DA:322,0
DA:323,0
DA:324,0
DA:329,0
DA:330,0
LF:137
LH:0
BRDA:15,0,0,0
BRDA:15,0,1,0
BRDA:19,1,0,0
BRDA:19,1,1,0
BRDA:24,2,0,0
BRDA:24,2,1,0
BRDA:48,3,0,0
BRDA:48,4,0,0
BRDA:49,5,0,0
BRDA:49,5,1,0
BRDA:55,6,0,0
BRDA:55,6,1,0
BRDA:56,7,0,0
BRDA:56,7,1,0
BRDA:60,8,0,0
BRDA:60,8,1,0
BRDA:61,9,0,0
BRDA:61,9,1,0
BRDA:62,10,0,0
BRDA:62,10,1,0
BRDA:63,11,0,0
BRDA:63,11,1,0
BRDA:64,12,0,0
BRDA:64,12,1,0
BRDA:64,13,0,0
BRDA:64,13,1,0
BRDA:65,14,0,0
BRDA:65,14,1,0
BRDA:66,15,0,0
BRDA:66,15,1,0
BRDA:69,16,0,0
BRDA:69,16,1,0
BRDA:71,17,0,0
BRDA:71,17,1,0
BRDA:71,18,0,0
BRDA:71,18,1,0
BRDA:72,19,0,0
BRDA:72,19,1,0
BRDA:72,20,0,0
BRDA:72,20,1,0
BRDA:73,21,0,0
BRDA:73,21,1,0
BRDA:73,22,0,0
BRDA:73,22,1,0
BRDA:76,23,0,0
BRDA:76,23,1,0
BRDA:78,24,0,0
BRDA:78,24,1,0
BRDA:78,25,0,0
BRDA:78,25,1,0
BRDA:79,26,0,0
BRDA:79,26,1,0
BRDA:79,27,0,0
BRDA:79,27,1,0
BRDA:84,28,0,0
BRDA:84,28,1,0
BRDA:87,29,0,0
BRDA:87,29,1,0
BRDA:89,30,0,0
BRDA:89,30,1,0
BRDA:107,31,0,0
BRDA:107,31,1,0
BRDA:107,31,2,0
BRDA:109,32,0,0
BRDA:109,32,1,0
BRDA:109,33,0,0
BRDA:109,33,1,0
BRDA:118,34,0,0
BRDA:118,34,1,0
BRDA:123,35,0,0
BRDA:123,35,1,0
BRDA:134,36,0,0
BRDA:134,36,1,0
BRDA:147,37,0,0
BRDA:147,37,1,0
BRDA:147,37,2,0
BRDA:150,38,0,0
BRDA:150,38,1,0
BRDA:156,39,0,0
BRDA:156,39,1,0
BRDA:156,40,0,0
BRDA:156,40,1,0
BRDA:157,41,0,0
BRDA:157,41,1,0
BRDA:157,42,0,0
BRDA:157,42,1,0
BRDA:158,43,0,0
BRDA:158,43,1,0
BRDA:158,44,0,0
BRDA:158,44,1,0
BRDA:164,45,0,0
BRDA:164,45,1,0
BRDA:168,46,0,0
BRDA:168,46,1,0
BRDA:171,47,0,0
BRDA:171,47,1,0
BRDA:171,48,0,0
BRDA:171,48,1,0
BRDA:171,48,2,0
BRDA:171,48,3,0
BRDA:174,49,0,0
BRDA:174,49,1,0
BRDA:203,50,0,0
BRDA:203,50,1,0
BRDA:211,51,0,0
BRDA:211,51,1,0
BRDA:212,52,0,0
BRDA:212,52,1,0
BRDA:237,53,0,0
BRDA:237,53,1,0
BRDA:237,54,0,0
BRDA:237,54,1,0
BRDA:264,55,0,0
BRDA:264,55,1,0
BRDA:266,56,0,0
BRDA:266,56,1,0
BRDA:272,57,0,0
BRDA:272,57,1,0
BRDA:272,57,2,0
BRDA:276,58,0,0
BRDA:276,58,1,0
BRDA:276,59,0,0
BRDA:276,59,1,0
BRDA:278,60,0,0
BRDA:278,60,1,0
BRDA:278,60,2,0
BRDA:281,61,0,0
BRDA:281,61,1,0
BRDA:285,62,0,0
BRDA:285,62,1,0
BRDA:285,63,0,0
BRDA:285,63,1,0
BRDA:292,64,0,0
BRDA:292,64,1,0
BRDA:297,65,0,0
BRDA:297,65,1,0
BRDA:298,66,0,0
BRDA:298,66,1,0
BRDA:305,67,0,0
BRDA:305,67,1,0
BRDA:306,68,0,0
BRDA:306,68,1,0
BRDA:307,69,0,0
BRDA:307,69,1,0
BRDA:312,70,0,0
BRDA:312,70,1,0
BRDA:316,71,0,0
BRDA:316,71,1,0
BRDA:316,72,0,0
BRDA:316,72,1,0
BRDA:316,72,2,0
BRDA:329,73,0,0
BRDA:329,73,1,0
BRDA:329,74,0,0
BRDA:329,74,1,0
BRF:155
BRH:0
end_of_record
TN:
SF:js\services\aiService.js
FN:39,callGeminiAPI
FN:80,analyzeKeywordGap
FN:83,(anonymous_2)
FN:84,(anonymous_3)
FN:88,(anonymous_4)
FN:89,(anonymous_5)
FN:92,(anonymous_6)
FN:97,getEmergingTopics
FN:104,getRelevantAffiliateLinks
FN:123,(anonymous_9)
FN:177,generateDraftFromIdea
FN:216,(anonymous_11)
FN:242,(anonymous_12)
FN:254,(anonymous_13)
FN:285,(anonymous_14)
FN:292,(anonymous_15)
FN:327,(anonymous_16)
FN:328,(anonymous_17)
FN:335,(anonymous_18)
FN:346,(anonymous_19)
FN:366,(anonymous_20)
FN:405,(anonymous_21)
FN:434,(anonymous_22)
FN:441,(anonymous_23)
FN:449,(anonymous_24)
FN:530,(anonymous_25)
FN:832,(anonymous_26)
FN:1018,(anonymous_27)
FN:1022,(anonymous_28)
FN:1034,(anonymous_29)
FN:1063,(anonymous_30)
FN:1063,(anonymous_31)
FN:1098,(anonymous_32)
FN:1099,(anonymous_33)
FN:1171,(anonymous_34)
FN:1176,(anonymous_35)
FN:1304,generateIdeaBriefing
FN:1327,(anonymous_37)
FN:1328,(anonymous_38)
FN:1336,(anonymous_39)
FN:1364,(anonymous_40)
FN:1365,(anonymous_41)
FN:1373,(anonymous_42)
FN:1408,(anonymous_43)
FN:1415,(anonymous_44)
FN:1489,(anonymous_45)
FN:1495,(anonymous_46)
FN:1567,(anonymous_47)
FN:1573,(anonymous_48)
FN:1646,(anonymous_49)
FN:1655,(anonymous_50)
FN:1710,(anonymous_51)
FN:1725,(anonymous_52)
FN:1726,(anonymous_53)
FN:1739,(anonymous_54)
FN:1771,generateAiImage
FN:1784,(anonymous_56)
FN:1793,(anonymous_57)
FN:1860,(anonymous_58)
FN:1860,(anonymous_59)
FN:1872,(anonymous_60)
FN:1887,(anonymous_61)
FN:1897,analyzeImageForTemplate
FN:1903,analyzeMyChannel
FN:1909,generateContentIdeas
FN:1915,generateAndSendKeywords
FN:1928,(anonymous_66)
FN:1934,analyzeVideoComments
FNF:68
FNH:0
FNDA:0,callGeminiAPI
FNDA:0,analyzeKeywordGap
FNDA:0,(anonymous_2)
FNDA:0,(anonymous_3)
FNDA:0,(anonymous_4)
FNDA:0,(anonymous_5)
FNDA:0,(anonymous_6)
FNDA:0,getEmergingTopics
FNDA:0,getRelevantAffiliateLinks
FNDA:0,(anonymous_9)
FNDA:0,generateDraftFromIdea
FNDA:0,(anonymous_11)
FNDA:0,(anonymous_12)
FNDA:0,(anonymous_13)
FNDA:0,(anonymous_14)
FNDA:0,(anonymous_15)
FNDA:0,(anonymous_16)
FNDA:0,(anonymous_17)
FNDA:0,(anonymous_18)
FNDA:0,(anonymous_19)
FNDA:0,(anonymous_20)
FNDA:0,(anonymous_21)
FNDA:0,(anonymous_22)
FNDA:0,(anonymous_23)
FNDA:0,(anonymous_24)
FNDA:0,(anonymous_25)
FNDA:0,(anonymous_26)
FNDA:0,(anonymous_27)
FNDA:0,(anonymous_28)
FNDA:0,(anonymous_29)
FNDA:0,(anonymous_30)
FNDA:0,(anonymous_31)
FNDA:0,(anonymous_32)
FNDA:0,(anonymous_33)
FNDA:0,(anonymous_34)
FNDA:0,(anonymous_35)
FNDA:0,generateIdeaBriefing
FNDA:0,(anonymous_37)
FNDA:0,(anonymous_38)
FNDA:0,(anonymous_39)
FNDA:0,(anonymous_40)
FNDA:0,(anonymous_41)
FNDA:0,(anonymous_42)
FNDA:0,(anonymous_43)
FNDA:0,(anonymous_44)
FNDA:0,(anonymous_45)
FNDA:0,(anonymous_46)
FNDA:0,(anonymous_47)
FNDA:0,(anonymous_48)
FNDA:0,(anonymous_49)
FNDA:0,(anonymous_50)
FNDA:0,(anonymous_51)
FNDA:0,(anonymous_52)
FNDA:0,(anonymous_53)
FNDA:0,(anonymous_54)
FNDA:0,generateAiImage
FNDA:0,(anonymous_56)
FNDA:0,(anonymous_57)
FNDA:0,(anonymous_58)
FNDA:0,(anonymous_59)
FNDA:0,(anonymous_60)
FNDA:0,(anonymous_61)
FNDA:0,analyzeImageForTemplate
FNDA:0,analyzeMyChannel
FNDA:0,generateContentIdeas
FNDA:0,generateAndSendKeywords
FNDA:0,(anonymous_66)
FNDA:0,analyzeVideoComments
DA:40,0
DA:41,0
DA:42,0
DA:45,0
DA:50,0
DA:52,0
DA:53,0
DA:56,0
DA:61,0
DA:62,0
DA:63,0
DA:64,0
DA:66,0
DA:67,0
DA:68,0
DA:70,0
DA:71,0
DA:82,0
DA:83,0
DA:84,0
DA:87,0
DA:88,0
DA:89,0
DA:92,0
DA:93,0
DA:98,0
DA:99,0
DA:100,0
DA:105,0
DA:106,0
DA:107,0
DA:109,0
DA:110,0
DA:111,0
DA:114,0
DA:115,0
DA:116,0
DA:117,0
DA:122,0
DA:123,0
DA:124,0
DA:125,0
DA:129,0
DA:132,0
DA:133,0
DA:137,0
DA:140,0
DA:141,0
DA:148,0
DA:152,0
DA:153,0
DA:156,0
DA:158,0
DA:159,0
DA:178,0
DA:180,0
DA:183,0
DA:185,0
DA:186,0
DA:190,0
DA:192,0
DA:196,0
DA:197,0
DA:200,0
DA:201,0
DA:208,0
DA:211,0
DA:212,0
DA:216,0
DA:217,0
DA:218,0
DA:221,0
DA:222,0
DA:225,0
DA:231,0
DA:232,0
DA:233,0
DA:236,0
DA:237,0
DA:238,0
DA:239,0
DA:240,0
DA:241,0
DA:242,0
DA:244,0
DA:245,0
DA:249,0
DA:253,0
DA:254,0
DA:257,0
DA:258,0
DA:260,0
DA:261,0
DA:263,0
DA:264,0
DA:269,0
DA:272,0
DA:280,0
DA:281,0
DA:284,0
DA:285,0
DA:288,0
DA:291,0
DA:294,0
DA:297,0
DA:298,0
DA:305,0
DA:306,0
DA:310,0
DA:317,0
DA:318,0
DA:319,0
DA:320,0
DA:323,0
DA:326,0
DA:327,0
DA:330,0
DA:331,0
DA:333,0
DA:337,0
DA:338,0
DA:339,0
DA:343,0
DA:344,0
DA:345,0
DA:347,0
DA:348,0
DA:350,0
DA:351,0
DA:356,0
DA:359,0
DA:364,0
DA:365,0
DA:366,0
DA:370,0
DA:375,0
DA:405,0
DA:434,0
DA:441,0
DA:449,0
DA:531,0
DA:741,0
DA:744,0
DA:745,0
DA:746,0
DA:753,0
DA:754,0
DA:756,0
DA:758,0
DA:762,0
DA:763,0
DA:768,0
DA:769,0
DA:770,0
DA:771,0
DA:772,0
DA:773,0
DA:774,0
DA:775,0
DA:779,0
DA:782,0
DA:785,0
DA:786,0
DA:788,0
DA:791,0
DA:796,0
DA:800,0
DA:803,0
DA:811,0
DA:812,0
DA:816,0
DA:817,0
DA:818,0
DA:819,0
DA:820,0
DA:823,0
DA:827,0
DA:830,0
DA:832,0
DA:835,0
DA:837,0
DA:844,0
DA:848,0
DA:849,0
DA:851,0
DA:857,0
DA:862,0
DA:863,0
DA:864,0
DA:865,0
DA:869,0
DA:870,0
DA:872,0
DA:873,0
DA:875,0
DA:877,0
DA:878,0
DA:881,0
DA:882,0
DA:886,0
DA:888,0
DA:890,0
DA:891,0
DA:898,0
DA:899,0
DA:903,0
DA:904,0
DA:905,0
DA:906,0
DA:909,0
DA:910,0
DA:914,0
DA:918,0
DA:920,0
DA:921,0
DA:927,0
DA:931,0
DA:935,0
DA:938,0
DA:943,0
DA:946,0
DA:954,0
DA:960,0
DA:962,0
DA:963,0
DA:966,0
DA:968,0
DA:970,0
DA:975,0
DA:977,0
DA:985,0
DA:990,0
DA:991,0
DA:992,0
DA:993,0
DA:994,0
DA:996,0
DA:1003,0
DA:1012,0
DA:1018,0
DA:1019,0
DA:1022,0
DA:1023,0
DA:1033,0
DA:1035,0
DA:1036,0
DA:1047,0
DA:1048,0
DA:1049,0
DA:1059,0
DA:1061,0
DA:1063,0
DA:1066,0
DA:1067,0
DA:1068,0
DA:1069,0
DA:1072,0
DA:1076,0
DA:1080,0
DA:1081,0
DA:1082,0
DA:1084,0
DA:1086,0
DA:1087,0
DA:1097,0
DA:1098,0
DA:1099,0
DA:1104,0
DA:1105,0
DA:1106,0
DA:1129,0
DA:1130,0
DA:1131,0
DA:1132,0
DA:1133,0
DA:1139,0
DA:1143,0
DA:1144,0
DA:1149,0
DA:1151,0
DA:1155,0
DA:1156,0
DA:1161,0
DA:1168,0
DA:1169,0
DA:1171,0
DA:1176,0
DA:1182,0
DA:1185,0
DA:1206,0
DA:1208,0
DA:1217,0
DA:1227,0
DA:1228,0
DA:1229,0
DA:1234,0
DA:1238,0
DA:1249,0
DA:1250,0
DA:1252,0
DA:1253,0
DA:1255,0
DA:1257,0
DA:1260,0
DA:1263,0
DA:1264,0
DA:1265,0
DA:1266,0
DA:1269,0
DA:1276,0
DA:1280,0
DA:1287,0
DA:1298,0
DA:1299,0
DA:1310,0
DA:1311,0
DA:1312,0
DA:1314,0
DA:1315,0
DA:1320,0
DA:1321,0
DA:1322,0
DA:1327,0
DA:1328,0
DA:1329,0
DA:1330,0
DA:1340,0
DA:1343,0
DA:1344,0
DA:1345,0
DA:1347,0
DA:1348,0
DA:1349,0
DA:1353,0
DA:1355,0
DA:1360,0
DA:1364,0
DA:1365,0
DA:1366,0
DA:1367,0
DA:1378,0
DA:1381,0
DA:1382,0
DA:1384,0
DA:1387,0
DA:1388,0
DA:1391,0
DA:1392,0
DA:1393,0
DA:1396,0
DA:1399,0
DA:1400,0
DA:1406,0
DA:1407,0
DA:1410,0
DA:1411,0
DA:1413,0
DA:1415,0
DA:1416,0
DA:1421,0
DA:1427,0
DA:1428,0
DA:1431,0
DA:1436,0
DA:1440,0
DA:1441,0
DA:1442,0
DA:1444,0
DA:1445,0
DA:1446,0
DA:1453,0
DA:1457,0
DA:1461,0
DA:1465,0
DA:1468,0
DA:1469,0
DA:1470,0
DA:1471,0
DA:1472,0
DA:1474,0
DA:1475,0
DA:1476,0
DA:1478,0
DA:1481,0
DA:1482,0
DA:1487,0
DA:1488,0
DA:1490,0
DA:1491,0
DA:1493,0
DA:1495,0
DA:1497,0
DA:1502,0
DA:1507,0
DA:1514,0
DA:1518,0
DA:1519,0
DA:1520,0
DA:1522,0
DA:1523,0
DA:1524,0
DA:1531,0
DA:1535,0
DA:1539,0
DA:1543,0
DA:1546,0
DA:1547,0
DA:1548,0
DA:1549,0
DA:1550,0
DA:1552,0
DA:1553,0
DA:1554,0
DA:1556,0
DA:1559,0
DA:1560,0
DA:1565,0
DA:1566,0
DA:1568,0
DA:1569,0
DA:1571,0
DA:1573,0
DA:1575,0
DA:1580,0
DA:1585,0
DA:1592,0
DA:1596,0
DA:1597,0
DA:1598,0
DA:1600,0
DA:1601,0
DA:1602,0
DA:1609,0
DA:1613,0
DA:1617,0
DA:1621,0
DA:1624,0
DA:1625,0
DA:1626,0
DA:1627,0
DA:1628,0
DA:1630,0
DA:1631,0
DA:1632,0
DA:1634,0
DA:1637,0
DA:1638,0
DA:1643,0
DA:1645,0
DA:1648,0
DA:1652,0
DA:1653,0
DA:1655,0
DA:1657,0
DA:1662,0
DA:1667,0
DA:1674,0
DA:1677,0
DA:1678,0
DA:1679,0
DA:1683,0
DA:1684,0
DA:1685,0
DA:1691,0
DA:1695,0
DA:1699,0
DA:1700,0
DA:1701,0
DA:1702,0
DA:1705,0
DA:1712,0
DA:1717,0
DA:1725,0
DA:1726,0
DA:1727,0
DA:1734,0
DA:1746,0
DA:1748,0
DA:1755,0
DA:1760,0
DA:1765,0
DA:1772,0
DA:1773,0
DA:1774,0
DA:1777,0
DA:1778,0
DA:1781,0
DA:1784,0
DA:1785,0
DA:1786,0
DA:1792,0
DA:1793,0
DA:1794,0
DA:1797,0
DA:1799,0
DA:1800,0
DA:1803,0
DA:1804,0
DA:1807,0
DA:1808,0
DA:1809,0
DA:1812,0
DA:1813,0
DA:1814,0
DA:1815,0
DA:1816,0
DA:1817,0
DA:1820,0
DA:1821,0
DA:1824,0
DA:1825,0
DA:1826,0
DA:1827,0
DA:1828,0
DA:1834,0
DA:1835,0
DA:1836,0
DA:1841,0
DA:1844,0
DA:1846,0
DA:1849,0
DA:1853,0
DA:1858,0
DA:1860,0
DA:1864,0
DA:1865,0
DA:1867,0
DA:1868,0
DA:1869,0
DA:1872,0
DA:1873,0
DA:1875,0
DA:1878,0
DA:1879,0
DA:1884,0
DA:1887,0
DA:1889,0
DA:1890,0
DA:1893,0
DA:1899,0
DA:1905,0
DA:1911,0
DA:1917,0
DA:1918,0
DA:1919,0
DA:1930,0
DA:1936,0
LF:547
LH:0
BRDA:41,0,0,0
BRDA:41,0,1,0
BRDA:62,1,0,0
BRDA:62,1,1,0
BRDA:64,2,0,0
BRDA:64,2,1,0
BRDA:66,3,0,0
BRDA:66,3,1,0
BRDA:84,4,0,0
BRDA:84,4,1,0
BRDA:89,5,0,0
BRDA:89,5,1,0
BRDA:98,6,0,0
BRDA:98,6,1,0
BRDA:109,7,0,0
BRDA:109,7,1,0
BRDA:115,8,0,0
BRDA:115,8,1,0
BRDA:124,9,0,0
BRDA:124,9,1,0
BRDA:124,10,0,0
BRDA:124,10,1,0
BRDA:133,11,0,0
BRDA:133,11,1,0
BRDA:137,12,0,0
BRDA:137,12,1,0
BRDA:137,12,2,0
BRDA:140,13,0,0
BRDA:140,13,1,0
BRDA:183,14,0,0
BRDA:183,14,1,0
BRDA:183,15,0,0
BRDA:183,15,1,0
BRDA:190,16,0,0
BRDA:190,16,1,0
BRDA:196,17,0,0
BRDA:196,17,1,0
BRDA:196,18,0,0
BRDA:196,18,1,0
BRDA:198,19,0,0
BRDA:198,19,1,0
BRDA:211,20,0,0
BRDA:211,20,1,0
BRDA:211,21,0,0
BRDA:211,21,1,0
BRDA:216,22,0,0
BRDA:216,22,1,0
BRDA:217,23,0,0
BRDA:217,23,1,0
BRDA:222,24,0,0
BRDA:222,24,1,0
BRDA:224,25,0,0
BRDA:224,25,1,0
BRDA:236,26,0,0
BRDA:236,26,1,0
BRDA:238,27,0,0
BRDA:238,27,1,0
BRDA:239,28,0,0
BRDA:239,28,1,0
BRDA:240,29,0,0
BRDA:240,29,1,0
BRDA:244,30,0,0
BRDA:244,30,1,0
BRDA:244,31,0,0
BRDA:244,31,1,0
BRDA:253,32,0,0
BRDA:253,32,1,0
BRDA:253,33,0,0
BRDA:253,33,1,0
BRDA:257,34,0,0
BRDA:257,34,1,0
BRDA:260,35,0,0
BRDA:260,35,1,0
BRDA:263,36,0,0
BRDA:263,36,1,0
BRDA:275,37,0,0
BRDA:275,37,1,0
BRDA:285,38,0,0
BRDA:285,38,1,0
BRDA:286,39,0,0
BRDA:286,39,1,0
BRDA:291,40,0,0
BRDA:291,40,1,0
BRDA:294,41,0,0
BRDA:294,41,1,0
BRDA:294,41,2,0
BRDA:297,42,0,0
BRDA:297,42,1,0
BRDA:299,43,0,0
BRDA:299,43,1,0
BRDA:306,44,0,0
BRDA:306,44,1,0
BRDA:307,45,0,0
BRDA:307,45,1,0
BRDA:323,46,0,0
BRDA:323,46,1,0
BRDA:327,47,0,0
BRDA:327,47,1,0
BRDA:327,47,2,0
BRDA:330,48,0,0
BRDA:330,48,1,0
BRDA:337,49,0,0
BRDA:337,49,1,0
BRDA:337,49,2,0
BRDA:338,50,0,0
BRDA:338,50,1,0
BRDA:338,50,2,0
BRDA:343,51,0,0
BRDA:343,51,1,0
BRDA:347,52,0,0
BRDA:347,52,1,0
BRDA:348,53,0,0
BRDA:348,53,1,0
BRDA:348,53,2,0
BRDA:350,54,0,0
BRDA:350,54,1,0
BRDA:350,54,2,0
BRDA:364,55,0,0
BRDA:364,55,1,0
BRDA:365,56,0,0
BRDA:365,56,1,0
BRDA:366,57,0,0
BRDA:366,57,1,0
BRDA:370,58,0,0
BRDA:370,58,1,0
BRDA:370,59,0,0
BRDA:370,59,1,0
BRDA:396,60,0,0
BRDA:396,60,1,0
BRDA:399,61,0,0
BRDA:399,61,1,0
BRDA:403,62,0,0
BRDA:403,62,1,0
BRDA:403,63,0,0
BRDA:403,63,1,0
BRDA:433,64,0,0
BRDA:433,64,1,0
BRDA:440,65,0,0
BRDA:440,65,1,0
BRDA:447,66,0,0
BRDA:447,66,1,0
BRDA:455,67,0,0
BRDA:455,67,1,0
BRDA:458,68,0,0
BRDA:458,68,1,0
BRDA:522,69,0,0
BRDA:522,69,1,0
BRDA:532,70,0,0
BRDA:532,70,1,0
BRDA:584,71,0,0
BRDA:584,71,1,0
BRDA:610,72,0,0
BRDA:610,72,1,0
BRDA:744,73,0,0
BRDA:744,73,1,0
BRDA:744,74,0,0
BRDA:744,74,1,0
BRDA:753,75,0,0
BRDA:753,75,1,0
BRDA:753,76,0,0
BRDA:753,76,1,0
BRDA:756,77,0,0
BRDA:756,77,1,0
BRDA:762,78,0,0
BRDA:762,78,1,0
BRDA:782,79,0,0
BRDA:782,79,1,0
BRDA:785,80,0,0
BRDA:785,80,1,0
BRDA:785,81,0,0
BRDA:785,81,1,0
BRDA:816,82,0,0
BRDA:816,82,1,0
BRDA:816,83,0,0
BRDA:816,83,1,0
BRDA:819,84,0,0
BRDA:819,84,1,0
BRDA:864,85,0,0
BRDA:864,85,1,0
BRDA:864,86,0,0
BRDA:864,86,1,0
BRDA:869,87,0,0
BRDA:869,87,1,0
BRDA:870,88,0,0
BRDA:870,88,1,0
BRDA:873,89,0,0
BRDA:873,89,1,0
BRDA:875,90,0,0
BRDA:875,90,1,0
BRDA:886,91,0,0
BRDA:886,91,1,0
BRDA:888,92,0,0
BRDA:888,92,1,0
BRDA:890,93,0,0
BRDA:890,93,1,0
BRDA:890,94,0,0
BRDA:890,94,1,0
BRDA:898,95,0,0
BRDA:898,95,1,0
BRDA:903,96,0,0
BRDA:903,96,1,0
BRDA:909,97,0,0
BRDA:909,97,1,0
BRDA:909,98,0,0
BRDA:909,98,1,0
BRDA:910,99,0,0
BRDA:910,99,1,0
BRDA:910,99,2,0
BRDA:914,100,0,0
BRDA:914,100,1,0
BRDA:915,101,0,0
BRDA:915,101,1,0
BRDA:918,102,0,0
BRDA:918,102,1,0
BRDA:920,103,0,0
BRDA:920,103,1,0
BRDA:927,104,0,0
BRDA:927,104,1,0
BRDA:928,105,0,0
BRDA:928,105,1,0
BRDA:938,106,0,0
BRDA:938,106,1,0
BRDA:939,107,0,0
BRDA:939,107,1,0
BRDA:939,107,2,0
BRDA:943,108,0,0
BRDA:943,108,1,0
BRDA:954,109,0,0
BRDA:954,109,1,0
BRDA:955,110,0,0
BRDA:955,110,1,0
BRDA:955,110,2,0
BRDA:960,111,0,0
BRDA:960,111,1,0
BRDA:960,112,0,0
BRDA:960,112,1,0
BRDA:962,113,0,0
BRDA:962,113,1,0
BRDA:968,114,0,0
BRDA:968,114,1,0
BRDA:975,115,0,0
BRDA:975,115,1,0
BRDA:985,116,0,0
BRDA:985,116,1,0
BRDA:986,117,0,0
BRDA:986,117,1,0
BRDA:986,117,2,0
BRDA:993,118,0,0
BRDA:993,118,1,0
BRDA:1019,119,0,0
BRDA:1019,119,1,0
BRDA:1048,120,0,0
BRDA:1048,120,1,0
BRDA:1048,121,0,0
BRDA:1048,121,1,0
BRDA:1068,122,0,0
BRDA:1068,122,1,0
BRDA:1082,123,0,0
BRDA:1082,123,1,0
BRDA:1086,124,0,0
BRDA:1086,124,1,0
BRDA:1086,124,2,0
BRDA:1099,125,0,0
BRDA:1099,125,1,0
BRDA:1104,126,0,0
BRDA:1104,126,1,0
BRDA:1105,127,0,0
BRDA:1105,127,1,0
BRDA:1105,127,2,0
BRDA:1130,128,0,0
BRDA:1130,128,1,0
BRDA:1130,129,0,0
BRDA:1130,129,1,0
BRDA:1143,130,0,0
BRDA:1143,130,1,0
BRDA:1149,131,0,0
BRDA:1149,131,1,0
BRDA:1150,132,0,0
BRDA:1150,132,1,0
BRDA:1155,133,0,0
BRDA:1155,133,1,0
BRDA:1213,134,0,0
BRDA:1213,134,1,0
BRDA:1214,135,0,0
BRDA:1214,135,1,0
BRDA:1227,136,0,0
BRDA:1227,136,1,0
BRDA:1249,137,0,0
BRDA:1249,137,1,0
BRDA:1249,138,0,0
BRDA:1249,138,1,0
BRDA:1255,139,0,0
BRDA:1255,139,1,0
BRDA:1258,140,0,0
BRDA:1258,140,1,0
BRDA:1258,140,2,0
BRDA:1264,141,0,0
BRDA:1264,141,1,0
BRDA:1267,142,0,0
BRDA:1267,142,1,0
BRDA:1267,142,2,0
BRDA:1308,143,0,0
BRDA:1310,144,0,0
BRDA:1321,145,0,0
BRDA:1321,145,1,0
BRDA:1321,146,0,0
BRDA:1321,146,1,0
BRDA:1329,147,0,0
BRDA:1329,147,1,0
BRDA:1343,148,0,0
BRDA:1343,148,1,0
BRDA:1355,149,0,0
BRDA:1355,149,1,0
BRDA:1356,150,0,0
BRDA:1356,150,1,0
BRDA:1356,150,2,0
BRDA:1366,151,0,0
BRDA:1366,151,1,0
BRDA:1381,152,0,0
BRDA:1381,152,1,0
BRDA:1381,153,0,0
BRDA:1381,153,1,0
BRDA:1392,154,0,0
BRDA:1392,154,1,0
BRDA:1399,155,0,0
BRDA:1399,155,1,0
BRDA:1406,156,0,0
BRDA:1406,156,1,0
BRDA:1410,157,0,0
BRDA:1410,157,1,0
BRDA:1410,158,0,0
BRDA:1410,158,1,0
BRDA:1411,159,0,0
BRDA:1411,159,1,0
BRDA:1411,159,2,0
BRDA:1411,159,3,0
BRDA:1415,160,0,0
BRDA:1415,160,1,0
BRDA:1432,161,0,0
BRDA:1432,161,1,0
BRDA:1436,162,0,0
BRDA:1436,162,1,0
BRDA:1440,163,0,0
BRDA:1440,163,1,0
BRDA:1457,164,0,0
BRDA:1457,164,1,0
BRDA:1458,165,0,0
BRDA:1458,165,1,0
BRDA:1468,166,0,0
BRDA:1468,166,1,0
BRDA:1468,167,0,0
BRDA:1468,167,1,0
BRDA:1475,168,0,0
BRDA:1475,168,1,0
BRDA:1481,169,0,0
BRDA:1481,169,1,0
BRDA:1487,170,0,0
BRDA:1487,170,1,0
BRDA:1490,171,0,0
BRDA:1490,171,1,0
BRDA:1490,172,0,0
BRDA:1490,172,1,0
BRDA:1491,173,0,0
BRDA:1491,173,1,0
BRDA:1491,173,2,0
BRDA:1491,173,3,0
BRDA:1495,174,0,0
BRDA:1495,174,1,0
BRDA:1514,175,0,0
BRDA:1514,175,1,0
BRDA:1518,176,0,0
BRDA:1518,176,1,0
BRDA:1535,177,0,0
BRDA:1535,177,1,0
BRDA:1536,178,0,0
BRDA:1536,178,1,0
BRDA:1546,179,0,0
BRDA:1546,179,1,0
BRDA:1546,180,0,0
BRDA:1546,180,1,0
BRDA:1553,181,0,0
BRDA:1553,181,1,0
BRDA:1559,182,0,0
BRDA:1559,182,1,0
BRDA:1565,183,0,0
BRDA:1565,183,1,0
BRDA:1568,184,0,0
BRDA:1568,184,1,0
BRDA:1568,185,0,0
BRDA:1568,185,1,0
BRDA:1569,186,0,0
BRDA:1569,186,1,0
BRDA:1569,186,2,0
BRDA:1569,186,3,0
BRDA:1573,187,0,0
BRDA:1573,187,1,0
BRDA:1592,188,0,0
BRDA:1592,188,1,0
BRDA:1596,189,0,0
BRDA:1596,189,1,0
BRDA:1613,190,0,0
BRDA:1613,190,1,0
BRDA:1614,191,0,0
BRDA:1614,191,1,0
BRDA:1624,192,0,0
BRDA:1624,192,1,0
BRDA:1624,193,0,0
BRDA:1624,193,1,0
BRDA:1631,194,0,0
BRDA:1631,194,1,0
BRDA:1637,195,0,0
BRDA:1637,195,1,0
BRDA:1643,196,0,0
BRDA:1643,196,1,0
BRDA:1648,197,0,0
BRDA:1648,197,1,0
BRDA:1648,198,0,0
BRDA:1648,198,1,0
BRDA:1649,199,0,0
BRDA:1649,199,1,0
BRDA:1649,199,2,0
BRDA:1649,199,3,0
BRDA:1655,200,0,0
BRDA:1655,200,1,0
BRDA:1674,201,0,0
BRDA:1674,201,1,0
BRDA:1677,202,0,0
BRDA:1677,202,1,0
BRDA:1702,203,0,0
BRDA:1702,203,1,0
BRDA:1712,204,0,0
BRDA:1712,204,1,0
BRDA:1713,205,0,0
BRDA:1713,205,1,0
BRDA:1713,205,2,0
BRDA:1727,206,0,0
BRDA:1727,206,1,0
BRDA:1728,207,0,0
BRDA:1728,207,1,0
BRDA:1728,207,2,0
BRDA:1728,207,3,0
BRDA:1728,207,4,0
BRDA:1771,208,0,0
BRDA:1773,209,0,0
BRDA:1773,209,1,0
BRDA:1792,210,0,0
BRDA:1792,210,1,0
BRDA:1794,211,0,0
BRDA:1794,211,1,0
BRDA:1799,212,0,0
BRDA:1799,212,1,0
BRDA:1800,213,0,0
BRDA:1800,213,1,0
BRDA:1803,214,0,0
BRDA:1803,214,1,0
BRDA:1803,215,0,0
BRDA:1803,215,1,0
BRDA:1812,216,0,0
BRDA:1812,216,1,0
BRDA:1814,217,0,0
BRDA:1814,217,1,0
BRDA:1816,218,0,0
BRDA:1816,218,1,0
BRDA:1820,219,0,0
BRDA:1820,219,1,0
BRDA:1824,220,0,0
BRDA:1824,220,1,0
BRDA:1827,221,0,0
BRDA:1827,221,1,0
BRDA:1834,222,0,0
BRDA:1834,222,1,0
BRDA:1878,223,0,0
BRDA:1878,223,1,0
BRDA:1889,224,0,0
BRDA:1889,224,1,0
BRDA:1918,225,0,0
BRDA:1918,225,1,0
BRF:477
BRH:0
end_of_record
TN:
SF:js\services\analyticsService.js
FN:9,sendErrorToUI
FN:52,(anonymous_1)
FN:59,getAnalyticsData
FN:151,(anonymous_3)
FN:203,(anonymous_4)
FN:253,getAdsenseData
FN:287,(anonymous_6)
FN:321,getSearchConsoleData
FN:364,(anonymous_8)
FN:412,updateSinglePerformanceMetric
FN:452,(anonymous_10)
FN:530,updateAllPerformanceMetrics
FN:565,(anonymous_12)
FN:566,(anonymous_13)
FN:573,runAutomatedRenewalChecks
FN:586,analyzePerformanceData
FN:619,(anonymous_16)
FN:624,(anonymous_17)
FN:626,(anonymous_18)
FN:629,(anonymous_19)
FN:631,(anonymous_20)
FN:636,(anonymous_21)
FN:649,(anonymous_22)
FN:667,getUserFeedbackPatterns
FN:672,checkAdSenseRegistrationStatus
FN:724,(anonymous_25)
FN:764,(anonymous_26)
FN:783,(anonymous_27)
FN:822,(anonymous_28)
FN:860,(anonymous_29)
FN:953,runFullSystemDiagnosis
FN:956,runAdSenseDeepDiagnosis
FN:959,testBlogConnection
FN:962,testAdSenseGa4Access
FNF:34
FNH:0
FNDA:0,sendErrorToUI
FNDA:0,(anonymous_1)
FNDA:0,getAnalyticsData
FNDA:0,(anonymous_3)
FNDA:0,(anonymous_4)
FNDA:0,getAdsenseData
FNDA:0,(anonymous_6)
FNDA:0,getSearchConsoleData
FNDA:0,(anonymous_8)
FNDA:0,updateSinglePerformanceMetric
FNDA:0,(anonymous_10)
FNDA:0,updateAllPerformanceMetrics
FNDA:0,(anonymous_12)
FNDA:0,(anonymous_13)
FNDA:0,runAutomatedRenewalChecks
FNDA:0,analyzePerformanceData
FNDA:0,(anonymous_16)
FNDA:0,(anonymous_17)
FNDA:0,(anonymous_18)
FNDA:0,(anonymous_19)
FNDA:0,(anonymous_20)
FNDA:0,(anonymous_21)
FNDA:0,(anonymous_22)
FNDA:0,getUserFeedbackPatterns
FNDA:0,checkAdSenseRegistrationStatus
FNDA:0,(anonymous_25)
FNDA:0,(anonymous_26)
FNDA:0,(anonymous_27)
FNDA:0,(anonymous_28)
FNDA:0,(anonymous_29)
FNDA:0,runFullSystemDiagnosis
FNDA:0,runAdSenseDeepDiagnosis
FNDA:0,testBlogConnection
FNDA:0,testAdSenseGa4Access
DA:10,0
DA:11,0
DA:12,0
DA:14,0
DA:16,0
DA:17,0
DA:18,0
DA:20,0
DA:21,0
DA:22,0
DA:24,0
DA:25,0
DA:27,0
DA:29,0
DA:30,0
DA:31,0
DA:33,0
DA:34,0
DA:35,0
DA:37,0
DA:38,0
DA:39,0
DA:41,0
DA:42,0
DA:45,0
DA:54,0
DA:66,0
DA:69,0
DA:70,0
DA:71,0
DA:73,0
DA:76,0
DA:78,0
DA:80,0
DA:81,0
DA:82,0
DA:83,0
DA:87,0
DA:88,0
DA:122,0
DA:123,0
DA:124,0
DA:125,0
DA:127,0
DA:130,0
DA:133,0
DA:134,0
DA:135,0
DA:136,0
DA:137,0
DA:138,0
DA:141,0
DA:142,0
DA:144,0
DA:145,0
DA:151,0
DA:153,0
DA:154,0
DA:158,0
DA:159,0
DA:160,0
DA:161,0
DA:162,0
DA:163,0
DA:164,0
DA:165,0
DA:168,0
DA:169,0
DA:170,0
DA:171,0
DA:172,0
DA:175,0
DA:176,0
DA:179,0
DA:180,0
DA:183,0
DA:184,0
DA:185,0
DA:188,0
DA:189,0
DA:190,0
DA:197,0
DA:199,0
DA:203,0
DA:208,0
DA:212,0
DA:229,0
DA:231,0
DA:232,0
DA:233,0
DA:234,0
DA:235,0
DA:244,0
DA:246,0
DA:248,0
DA:254,0
DA:255,0
DA:257,0
DA:258,0
DA:259,0
DA:261,0
DA:280,0
DA:281,0
DA:282,0
DA:285,0
DA:286,0
DA:287,0
DA:288,0
DA:289,0
DA:292,0
DA:293,0
DA:294,0
DA:302,0
DA:304,0
DA:305,0
DA:306,0
DA:307,0
DA:308,0
DA:311,0
DA:313,0
DA:315,0
DA:316,0
DA:328,0
DA:332,0
DA:333,0
DA:350,0
DA:351,0
DA:353,0
DA:356,0
DA:358,0
DA:359,0
DA:360,0
DA:361,0
DA:363,0
DA:364,0
DA:365,0
DA:366,0
DA:367,0
DA:369,0
DA:377,0
DA:379,0
DA:381,0
DA:389,0
DA:391,0
DA:392,0
DA:393,0
DA:394,0
DA:395,0
DA:403,0
DA:405,0
DA:407,0
DA:413,0
DA:414,0
DA:415,0
DA:417,0
DA:418,0
DA:419,0
DA:421,0
DA:422,0
DA:423,0
DA:424,0
DA:426,0
DA:427,0
DA:430,0
DA:433,0
DA:438,0
DA:439,0
DA:441,0
DA:442,0
DA:443,0
DA:446,0
DA:447,0
DA:448,0
DA:449,0
DA:451,0
DA:452,0
DA:453,0
DA:455,0
DA:456,0
DA:458,0
DA:461,0
DA:464,0
DA:473,0
DA:477,0
DA:480,0
DA:483,0
DA:484,0
DA:486,0
DA:487,0
DA:488,0
DA:489,0
DA:490,0
DA:495,0
DA:500,0
DA:503,0
DA:504,0
DA:505,0
DA:509,0
DA:521,0
DA:522,0
DA:531,0
DA:532,0
DA:533,0
DA:534,0
DA:535,0
DA:537,0
DA:538,0
DA:540,0
DA:541,0
DA:542,0
DA:543,0
DA:544,0
DA:547,0
DA:548,0
DA:552,0
DA:563,0
DA:564,0
DA:565,0
DA:566,0
DA:569,0
DA:574,0
DA:575,0
DA:577,0
DA:578,0
DA:579,0
DA:581,0
DA:587,0
DA:588,0
DA:589,0
DA:590,0
DA:591,0
DA:593,0
DA:594,0
DA:596,0
DA:597,0
DA:598,0
DA:599,0
DA:600,0
DA:602,0
DA:604,0
DA:605,0
DA:619,0
DA:621,0
DA:622,0
DA:624,0
DA:626,0
DA:628,0
DA:629,0
DA:630,0
DA:631,0
DA:632,0
DA:636,0
DA:639,0
DA:649,0
DA:657,0
DA:660,0
DA:668,0
DA:678,0
DA:679,0
DA:682,0
DA:683,0
DA:689,0
DA:690,0
DA:692,0
DA:693,0
DA:697,0
DA:698,0
DA:700,0
DA:701,0
DA:704,0
DA:705,0
DA:710,0
DA:712,0
DA:713,0
DA:714,0
DA:720,0
DA:721,0
DA:722,0
DA:723,0
DA:724,0
DA:725,0
DA:727,0
DA:730,0
DA:731,0
DA:735,0
DA:740,0
DA:742,0
DA:749,0
DA:750,0
DA:754,0
DA:756,0
DA:757,0
DA:760,0
DA:761,0
DA:763,0
DA:765,0
DA:766,0
DA:768,0
DA:770,0
DA:771,0
DA:772,0
DA:773,0
DA:775,0
DA:778,0
DA:779,0
DA:781,0
DA:782,0
DA:783,0
DA:784,0
DA:785,0
DA:786,0
DA:787,0
DA:789,0
DA:794,0
DA:799,0
DA:803,0
DA:808,0
DA:811,0
DA:812,0
DA:813,0
DA:814,0
DA:816,0
DA:817,0
DA:818,0
DA:819,0
DA:820,0
DA:821,0
DA:822,0
DA:823,0
DA:827,0
DA:829,0
DA:833,0
DA:834,0
DA:838,0
DA:840,0
DA:842,0
DA:843,0
DA:845,0
DA:847,0
DA:849,0
DA:850,0
DA:851,0
DA:853,0
DA:860,0
DA:861,0
DA:869,0
DA:870,0
DA:871,0
DA:872,0
DA:875,0
DA:879,0
DA:880,0
DA:882,0
DA:883,0
DA:884,0
DA:885,0
DA:886,0
DA:899,0
DA:900,0
DA:903,0
DA:904,0
DA:906,0
DA:913,0
DA:921,0
DA:931,0
DA:940,0
DA:942,0
DA:943,0
DA:949,0
DA:954,0
DA:957,0
DA:960,0
DA:963,0
LF:373
LH:0
BRDA:14,0,0,0
BRDA:14,0,1,0
BRDA:14,0,2,0
BRDA:14,0,3,0
BRDA:14,0,4,0
BRDA:14,0,5,0
BRDA:14,0,6,0
BRDA:38,1,0,0
BRDA:38,1,1,0
BRDA:42,2,0,0
BRDA:42,2,1,0
BRDA:63,3,0,0
BRDA:64,4,0,0
BRDA:70,5,0,0
BRDA:70,5,1,0
BRDA:78,6,0,0
BRDA:78,6,1,0
BRDA:78,7,0,0
BRDA:78,7,1,0
BRDA:81,8,0,0
BRDA:81,8,1,0
BRDA:122,9,0,0
BRDA:122,9,1,0
BRDA:123,10,0,0
BRDA:123,10,1,0
BRDA:124,11,0,0
BRDA:124,11,1,0
BRDA:124,12,0,0
BRDA:124,12,1,0
BRDA:124,12,2,0
BRDA:133,13,0,0
BRDA:133,13,1,0
BRDA:133,14,0,0
BRDA:133,14,1,0
BRDA:179,15,0,0
BRDA:179,15,1,0
BRDA:183,16,0,0
BRDA:183,16,1,0
BRDA:188,17,0,0
BRDA:188,17,1,0
BRDA:197,18,0,0
BRDA:197,18,1,0
BRDA:199,19,0,0
BRDA:199,19,1,0
BRDA:203,20,0,0
BRDA:203,20,1,0
BRDA:208,21,0,0
BRDA:208,21,1,0
BRDA:216,22,0,0
BRDA:216,22,1,0
BRDA:231,23,0,0
BRDA:231,23,1,0
BRDA:231,24,0,0
BRDA:231,24,1,0
BRDA:234,25,0,0
BRDA:234,25,1,0
BRDA:253,26,0,0
BRDA:280,27,0,0
BRDA:280,27,1,0
BRDA:281,28,0,0
BRDA:281,28,1,0
BRDA:286,29,0,0
BRDA:286,29,1,0
BRDA:289,30,0,0
BRDA:289,30,1,0
BRDA:292,31,0,0
BRDA:292,31,1,0
BRDA:304,32,0,0
BRDA:304,32,1,0
BRDA:304,33,0,0
BRDA:304,33,1,0
BRDA:307,34,0,0
BRDA:307,34,1,0
BRDA:315,35,0,0
BRDA:315,35,1,0
BRDA:325,36,0,0
BRDA:350,37,0,0
BRDA:350,37,1,0
BRDA:351,38,0,0
BRDA:351,38,1,0
BRDA:363,39,0,0
BRDA:363,39,1,0
BRDA:363,40,0,0
BRDA:363,40,1,0
BRDA:377,41,0,0
BRDA:377,41,1,0
BRDA:379,42,0,0
BRDA:379,42,1,0
BRDA:391,43,0,0
BRDA:391,43,1,0
BRDA:391,44,0,0
BRDA:391,44,1,0
BRDA:394,45,0,0
BRDA:394,45,1,0
BRDA:413,46,0,0
BRDA:413,46,1,0
BRDA:418,47,0,0
BRDA:418,47,1,0
BRDA:423,48,0,0
BRDA:423,48,1,0
BRDA:426,49,0,0
BRDA:426,49,1,0
BRDA:439,50,0,0
BRDA:439,50,1,0
BRDA:443,51,0,0
BRDA:443,51,1,0
BRDA:447,52,0,0
BRDA:447,52,1,0
BRDA:451,53,0,0
BRDA:451,53,1,0
BRDA:453,54,0,0
BRDA:453,54,1,0
BRDA:455,55,0,0
BRDA:455,55,1,0
BRDA:458,56,0,0
BRDA:458,56,1,0
BRDA:458,56,2,0
BRDA:461,57,0,0
BRDA:461,57,1,0
BRDA:467,58,0,0
BRDA:467,58,1,0
BRDA:473,59,0,0
BRDA:473,59,1,0
BRDA:477,60,0,0
BRDA:477,60,1,0
BRDA:480,61,0,0
BRDA:480,61,1,0
BRDA:483,62,0,0
BRDA:483,62,1,0
BRDA:483,62,2,0
BRDA:486,63,0,0
BRDA:486,63,1,0
BRDA:486,64,0,0
BRDA:486,64,1,0
BRDA:489,65,0,0
BRDA:489,65,1,0
BRDA:500,66,0,0
BRDA:500,66,1,0
BRDA:500,66,2,0
BRDA:503,67,0,0
BRDA:503,67,1,0
BRDA:504,68,0,0
BRDA:504,68,1,0
BRDA:504,69,0,0
BRDA:504,69,1,0
BRDA:504,69,2,0
BRDA:531,70,0,0
BRDA:531,70,1,0
BRDA:535,71,0,0
BRDA:535,71,1,0
BRDA:544,72,0,0
BRDA:544,72,1,0
BRDA:547,73,0,0
BRDA:547,73,1,0
BRDA:547,74,0,0
BRDA:547,74,1,0
BRDA:548,75,0,0
BRDA:548,75,1,0
BRDA:549,76,0,0
BRDA:549,76,1,0
BRDA:575,77,0,0
BRDA:575,77,1,0
BRDA:577,78,0,0
BRDA:577,78,1,0
BRDA:586,79,0,0
BRDA:587,80,0,0
BRDA:587,80,1,0
BRDA:591,81,0,0
BRDA:591,81,1,0
BRDA:599,82,0,0
BRDA:599,82,1,0
BRDA:599,83,0,0
BRDA:599,83,1,0
BRDA:600,84,0,0
BRDA:600,84,1,0
BRDA:600,85,0,0
BRDA:600,85,1,0
BRDA:602,86,0,0
BRDA:602,86,1,0
BRDA:604,87,0,0
BRDA:604,87,1,0
BRDA:604,88,0,0
BRDA:604,88,1,0
BRDA:622,89,0,0
BRDA:622,89,1,0
BRDA:630,90,0,0
BRDA:630,90,1,0
BRDA:630,91,0,0
BRDA:630,91,1,0
BRDA:632,92,0,0
BRDA:632,92,1,0
BRDA:636,93,0,0
BRDA:636,93,1,0
BRDA:673,94,0,0
BRDA:674,95,0,0
BRDA:675,96,0,0
BRDA:676,97,0,0
BRDA:678,98,0,0
BRDA:678,98,1,0
BRDA:682,99,0,0
BRDA:682,99,1,0
BRDA:682,99,2,0
BRDA:685,100,0,0
BRDA:685,100,1,0
BRDA:692,101,0,0
BRDA:692,101,1,0
BRDA:704,102,0,0
BRDA:704,102,1,0
BRDA:704,103,0,0
BRDA:704,103,1,0
BRDA:720,104,0,0
BRDA:720,104,1,0
BRDA:721,105,0,0
BRDA:721,105,1,0
BRDA:727,106,0,0
BRDA:727,106,1,0
BRDA:730,107,0,0
BRDA:730,107,1,0
BRDA:749,108,0,0
BRDA:749,108,1,0
BRDA:756,109,0,0
BRDA:756,109,1,0
BRDA:761,110,0,0
BRDA:761,110,1,0
BRDA:765,111,0,0
BRDA:765,111,1,0
BRDA:765,112,0,0
BRDA:765,112,1,0
BRDA:773,113,0,0
BRDA:773,113,1,0
BRDA:778,114,0,0
BRDA:778,114,1,0
BRDA:779,115,0,0
BRDA:779,115,1,0
BRDA:782,116,0,0
BRDA:782,116,1,0
BRDA:784,117,0,0
BRDA:784,117,1,0
BRDA:785,118,0,0
BRDA:785,118,1,0
BRDA:816,119,0,0
BRDA:816,119,1,0
BRDA:820,120,0,0
BRDA:820,120,1,0
BRDA:829,121,0,0
BRDA:829,121,1,0
BRDA:834,122,0,0
BRDA:834,122,1,0
BRDA:836,123,0,0
BRDA:836,123,1,0
BRDA:840,124,0,0
BRDA:840,124,1,0
BRDA:840,125,0,0
BRDA:840,125,1,0
BRDA:843,126,0,0
BRDA:843,126,1,0
BRDA:845,127,0,0
BRDA:845,127,1,0
BRDA:847,128,0,0
BRDA:847,128,1,0
BRDA:847,129,0,0
BRDA:847,129,1,0
BRDA:862,130,0,0
BRDA:862,130,1,0
BRDA:862,130,2,0
BRDA:862,130,3,0
BRDA:869,131,0,0
BRDA:869,131,1,0
BRDA:871,132,0,0
BRDA:871,132,1,0
BRDA:882,133,0,0
BRDA:882,133,1,0
BRDA:890,134,0,0
BRDA:890,134,1,0
BRDA:899,135,0,0
BRDA:899,135,1,0
BRDA:913,136,0,0
BRDA:913,136,1,0
BRDA:913,137,0,0
BRDA:913,137,1,0
BRDA:915,138,0,0
BRDA:915,138,1,0
BRDA:915,139,0,0
BRDA:915,139,1,0
BRDA:917,140,0,0
BRDA:917,140,1,0
BRDA:942,141,0,0
BRDA:942,141,1,0
BRF:288
BRH:0
end_of_record
TN:
SF:js\services\authService.js
FN:19,saveTokenExpiry
FN:33,validateStoredToken
FN:86,refreshAuthToken
FN:95,(anonymous_3)
FN:119,(anonymous_4)
FN:120,(anonymous_5)
FN:204,getValidToken
FN:248,fetchGaProperties
FN:258,(anonymous_8)
FN:259,(anonymous_9)
FN:274,fetchAdSenseAccountId
FN:293,fetchUserInfo
FN:319,(anonymous_12)
FN:387,startGoogleAuth
FN:392,(anonymous_14)
FN:393,(anonymous_15)
FN:443,(anonymous_16)
FN:447,(anonymous_17)
FN:508,revokeGoogleAuth
FN:567,restoreAuthSession
FNF:20
FNH:0
FNDA:0,saveTokenExpiry
FNDA:0,validateStoredToken
FNDA:0,refreshAuthToken
FNDA:0,(anonymous_3)
FNDA:0,(anonymous_4)
FNDA:0,(anonymous_5)
FNDA:0,getValidToken
FNDA:0,fetchGaProperties
FNDA:0,(anonymous_8)
FNDA:0,(anonymous_9)
FNDA:0,fetchAdSenseAccountId
FNDA:0,fetchUserInfo
FNDA:0,(anonymous_12)
FNDA:0,startGoogleAuth
FNDA:0,(anonymous_14)
FNDA:0,(anonymous_15)
FNDA:0,(anonymous_16)
FNDA:0,(anonymous_17)
FNDA:0,revokeGoogleAuth
FNDA:0,restoreAuthSession
DA:7,0
DA:8,0
DA:11,0
DA:12,0
DA:20,0
DA:21,0
DA:26,0
DA:34,0
DA:35,0
DA:41,0
DA:42,0
DA:45,0
DA:46,0
DA:47,0
DA:50,0
DA:51,0
DA:52,0
DA:56,0
DA:57,0
DA:61,0
DA:62,0
DA:63,0
DA:64,0
DA:65,0
DA:66,0
DA:69,0
DA:71,0
DA:74,0
DA:76,0
DA:77,0
DA:88,0
DA:89,0
DA:90,0
DA:94,0
DA:95,0
DA:96,0
DA:97,0
DA:100,0
DA:101,0
DA:102,0
DA:104,0
DA:108,0
DA:109,0
DA:111,0
DA:114,0
DA:119,0
DA:120,0
DA:121,0
DA:122,0
DA:124,0
DA:129,0
DA:131,0
DA:132,0
DA:135,0
DA:137,0
DA:140,0
DA:141,0
DA:145,0
DA:147,0
DA:148,0
DA:153,0
DA:157,0
DA:160,0
DA:161,0
DA:162,0
DA:168,0
DA:172,0
DA:173,0
DA:174,0
DA:175,0
DA:176,0
DA:178,0
DA:181,0
DA:184,0
DA:185,0
DA:187,0
DA:188,0
DA:191,0
DA:192,0
DA:196,0
DA:205,0
DA:207,0
DA:209,0
DA:210,0
DA:211,0
DA:215,0
DA:216,0
DA:219,0
DA:222,0
DA:223,0
DA:224,0
DA:227,0
DA:228,0
DA:229,0
DA:231,0
DA:232,0
DA:236,0
DA:238,0
DA:239,0
DA:250,0
DA:251,0
DA:254,0
DA:256,0
DA:257,0
DA:258,0
DA:259,0
DA:260,0
DA:266,0
DA:275,0
DA:276,0
DA:279,0
DA:281,0
DA:282,0
DA:283,0
DA:285,0
DA:294,0
DA:295,0
DA:296,0
DA:299,0
DA:300,0
DA:302,0
DA:303,0
DA:308,0
DA:309,0
DA:316,0
DA:318,0
DA:319,0
DA:320,0
DA:321,0
DA:322,0
DA:327,0
DA:330,0
DA:331,0
DA:334,0
DA:337,0
DA:338,0
DA:347,0
DA:348,0
DA:349,0
DA:352,0
DA:358,0
DA:360,0
DA:361,0
DA:364,0
DA:365,0
DA:367,0
DA:369,0
DA:370,0
DA:373,0
DA:375,0
DA:379,0
DA:388,0
DA:389,0
DA:392,0
DA:393,0
DA:394,0
DA:395,0
DA:397,0
DA:402,0
DA:404,0
DA:405,0
DA:408,0
DA:410,0
DA:413,0
DA:414,0
DA:418,0
DA:420,0
DA:421,0
DA:425,0
DA:428,0
DA:432,0
DA:433,0
DA:434,0
DA:436,0
DA:438,0
DA:442,0
DA:444,0
DA:445,0
DA:448,0
DA:449,0
DA:454,0
DA:463,0
DA:464,0
DA:465,0
DA:467,0
DA:468,0
DA:470,0
DA:471,0
DA:474,0
DA:475,0
DA:479,0
DA:482,0
DA:483,0
DA:486,0
DA:499,0
DA:500,0
DA:509,0
DA:510,0
DA:511,0
DA:513,0
DA:514,0
DA:516,0
DA:517,0
DA:520,0
DA:521,0
DA:524,0
DA:528,0
DA:532,0
DA:533,0
DA:535,0
DA:538,0
DA:543,0
DA:555,0
DA:556,0
DA:558,0
DA:559,0
DA:568,0
DA:569,0
DA:570,0
DA:572,0
DA:574,0
DA:575,0
DA:576,0
DA:577,0
DA:578,0
DA:580,0
DA:583,0
DA:586,0
DA:587,0
DA:591,0
DA:592,0
DA:593,0
DA:595,0
DA:596,0
DA:597,0
DA:598,0
DA:599,0
DA:601,0
DA:604,0
DA:607,0
DA:608,0
DA:612,0
DA:613,0
DA:615,0
DA:616,0
DA:620,0
LF:246
LH:0
BRDA:19,0,0,0
BRDA:20,1,0,0
BRDA:20,1,1,0
BRDA:41,2,0,0
BRDA:41,2,1,0
BRDA:46,3,0,0
BRDA:46,3,1,0
BRDA:50,4,0,0
BRDA:50,4,1,0
BRDA:61,5,0,0
BRDA:61,5,1,0
BRDA:64,6,0,0
BRDA:64,6,1,0
BRDA:86,7,0,0
BRDA:88,8,0,0
BRDA:88,8,1,0
BRDA:88,9,0,0
BRDA:88,9,1,0
BRDA:101,10,0,0
BRDA:101,10,1,0
BRDA:104,11,0,0
BRDA:104,11,1,0
BRDA:106,12,0,0
BRDA:106,12,1,0
BRDA:108,13,0,0
BRDA:108,13,1,0
BRDA:108,14,0,0
BRDA:108,14,1,0
BRDA:121,15,0,0
BRDA:121,15,1,0
BRDA:131,16,0,0
BRDA:131,16,1,0
BRDA:131,17,0,0
BRDA:131,17,1,0
BRDA:132,18,0,0
BRDA:132,18,1,0
BRDA:137,19,0,0
BRDA:137,19,1,0
BRDA:140,20,0,0
BRDA:140,20,1,0
BRDA:145,21,0,0
BRDA:145,21,1,0
BRDA:147,22,0,0
BRDA:147,22,1,0
BRDA:147,23,0,0
BRDA:147,23,1,0
BRDA:147,23,2,0
BRDA:147,23,3,0
BRDA:175,24,0,0
BRDA:175,24,1,0
BRDA:204,25,0,0
BRDA:209,26,0,0
BRDA:209,26,1,0
BRDA:209,27,0,0
BRDA:209,27,1,0
BRDA:215,28,0,0
BRDA:215,28,1,0
BRDA:215,29,0,0
BRDA:215,29,1,0
BRDA:222,30,0,0
BRDA:222,30,1,0
BRDA:222,31,0,0
BRDA:222,31,1,0
BRDA:227,32,0,0
BRDA:227,32,1,0
BRDA:254,33,0,0
BRDA:254,33,1,0
BRDA:279,34,0,0
BRDA:279,34,1,0
BRDA:282,35,0,0
BRDA:282,35,1,0
BRDA:282,36,0,0
BRDA:282,36,1,0
BRDA:294,37,0,0
BRDA:294,37,1,0
BRDA:294,38,0,0
BRDA:294,38,1,0
BRDA:303,39,0,0
BRDA:303,39,1,0
BRDA:318,40,0,0
BRDA:318,40,1,0
BRDA:327,41,0,0
BRDA:327,41,1,0
BRDA:330,42,0,0
BRDA:330,42,1,0
BRDA:334,43,0,0
BRDA:334,43,1,0
BRDA:347,44,0,0
BRDA:347,44,1,0
BRDA:347,45,0,0
BRDA:347,45,1,0
BRDA:353,46,0,0
BRDA:353,46,1,0
BRDA:354,47,0,0
BRDA:354,47,1,0
BRDA:354,47,2,0
BRDA:355,48,0,0
BRDA:355,48,1,0
BRDA:355,48,2,0
BRDA:358,49,0,0
BRDA:358,49,1,0
BRDA:369,50,0,0
BRDA:369,50,1,0
BRDA:369,51,0,0
BRDA:369,51,1,0
BRDA:370,52,0,0
BRDA:370,52,1,0
BRDA:375,53,0,0
BRDA:375,53,1,0
BRDA:394,54,0,0
BRDA:394,54,1,0
BRDA:404,55,0,0
BRDA:404,55,1,0
BRDA:404,56,0,0
BRDA:404,56,1,0
BRDA:405,57,0,0
BRDA:405,57,1,0
BRDA:410,58,0,0
BRDA:410,58,1,0
BRDA:413,59,0,0
BRDA:413,59,1,0
BRDA:418,60,0,0
BRDA:418,60,1,0
BRDA:420,61,0,0
BRDA:420,61,1,0
BRDA:420,62,0,0
BRDA:420,62,1,0
BRDA:420,62,2,0
BRDA:467,63,0,0
BRDA:467,63,1,0
BRDA:471,64,0,0
BRDA:471,64,1,0
BRDA:474,65,0,0
BRDA:474,65,1,0
BRDA:474,66,0,0
BRDA:474,66,1,0
BRDA:513,67,0,0
BRDA:513,67,1,0
BRDA:517,68,0,0
BRDA:517,68,1,0
BRDA:519,69,0,0
BRDA:519,69,1,0
BRDA:520,70,0,0
BRDA:520,70,1,0
BRDA:520,71,0,0
BRDA:520,71,1,0
BRDA:528,72,0,0
BRDA:528,72,1,0
BRDA:530,73,0,0
BRDA:530,73,1,0
BRDA:532,74,0,0
BRDA:532,74,1,0
BRDA:532,75,0,0
BRDA:532,75,1,0
BRDA:572,76,0,0
BRDA:572,76,1,0
BRDA:572,77,0,0
BRDA:572,77,1,0
BRDA:577,78,0,0
BRDA:577,78,1,0
BRDA:591,79,0,0
BRDA:591,79,1,0
BRDA:593,80,0,0
BRDA:593,80,1,0
BRDA:598,81,0,0
BRDA:598,81,1,0
BRF:166
BRH:0
end_of_record
TN:
SF:js\services\cascadeDeleteService.js
FN:12,encodeUrlForIndex
FN:33,generateLegacyKeys
FN:68,(anonymous_2)
FN:86,deleteChannelDataCascade
FN:361,deleteCompetitorData
FN:416,findDeletedCompetitors
FN:419,(anonymous_6)
FN:424,(anonymous_7)
FNF:8
FNH:0
FNDA:0,encodeUrlForIndex
FNDA:0,generateLegacyKeys
FNDA:0,(anonymous_2)
FNDA:0,deleteChannelDataCascade
FNDA:0,deleteCompetitorData
FNDA:0,findDeletedCompetitors
FNDA:0,(anonymous_6)
FNDA:0,(anonymous_7)
DA:13,0
DA:14,0
DA:15,0
DA:17,0
DA:19,0
DA:25,0
DA:34,0
DA:35,0
DA:37,0
DA:39,0
DA:41,0
DA:42,0
DA:46,0
DA:49,0
DA:50,0
DA:53,0
DA:61,0
DA:64,0
DA:68,0
DA:69,0
DA:71,0
DA:72,0
DA:73,0
DA:74,0
DA:78,0
DA:80,0
DA:91,0
DA:92,0
DA:96,0
DA:107,0
DA:108,0
DA:111,0
DA:119,0
DA:120,0
DA:121,0
DA:122,0
DA:123,0
DA:130,0
DA:131,0
DA:132,0
DA:133,0
DA:137,0
DA:138,0
DA:140,0
DA:141,0
DA:142,0
DA:145,0
DA:150,0
DA:152,0
DA:155,0
DA:156,0
DA:159,0
DA:160,0
DA:161,0
DA:162,0
DA:163,0
DA:165,0
DA:170,0
DA:173,0
DA:174,0
DA:177,0
DA:182,0
DA:185,0
DA:186,0
DA:189,0
DA:190,0
DA:191,0
DA:192,0
DA:193,0
DA:195,0
DA:200,0
DA:203,0
DA:204,0
DA:207,0
DA:212,0
DA:215,0
DA:216,0
DA:221,0
DA:222,0
DA:223,0
DA:224,0
DA:225,0
DA:227,0
DA:232,0
DA:235,0
DA:236,0
DA:242,0
DA:246,0
DA:249,0
DA:250,0
DA:255,0
DA:256,0
DA:257,0
DA:258,0
DA:259,0
DA:261,0
DA:266,0
DA:269,0
DA:270,0
DA:276,0
DA:280,0
DA:286,0
DA:287,0
DA:288,0
DA:290,0
DA:291,0
DA:292,0
DA:294,0
DA:299,0
DA:300,0
DA:303,0
DA:304,0
DA:307,0
DA:310,0
DA:311,0
DA:312,0
DA:313,0
DA:316,0
DA:321,0
DA:322,0
DA:327,0
DA:333,0
DA:334,0
DA:335,0
DA:336,0
DA:337,0
DA:341,0
DA:342,0
DA:347,0
DA:350,0
DA:352,0
DA:353,0
DA:362,0
DA:363,0
DA:366,0
DA:371,0
DA:372,0
DA:374,0
DA:377,0
DA:378,0
DA:379,0
DA:381,0
DA:387,0
DA:388,0
DA:391,0
DA:393,0
DA:395,0
DA:396,0
DA:399,0
DA:403,0
DA:406,0
DA:409,0
DA:411,0
DA:412,0
DA:417,0
DA:418,0
DA:419,0
DA:420,0
DA:421,0
DA:422,0
DA:424,0
LF:161
LH:0
BRDA:13,0,0,0
BRDA:13,0,1,0
BRDA:35,1,0,0
BRDA:35,1,1,0
BRDA:35,2,0,0
BRDA:35,2,1,0
BRDA:43,3,0,0
BRDA:43,3,1,0
BRDA:61,4,0,0
BRDA:61,4,1,0
BRDA:61,5,0,0
BRDA:61,5,1,0
BRDA:71,6,0,0
BRDA:71,6,1,0
BRDA:73,7,0,0
BRDA:73,7,1,0
BRDA:89,8,0,0
BRDA:122,9,0,0
BRDA:122,9,1,0
BRDA:137,10,0,0
BRDA:137,10,1,0
BRDA:155,11,0,0
BRDA:155,11,1,0
BRDA:162,12,0,0
BRDA:162,12,1,0
BRDA:166,13,0,0
BRDA:166,13,1,0
BRDA:166,13,2,0
BRDA:166,13,3,0
BRDA:173,14,0,0
BRDA:173,14,1,0
BRDA:185,15,0,0
BRDA:185,15,1,0
BRDA:192,16,0,0
BRDA:192,16,1,0
BRDA:196,17,0,0
BRDA:196,17,1,0
BRDA:196,17,2,0
BRDA:196,17,3,0
BRDA:203,18,0,0
BRDA:203,18,1,0
BRDA:215,19,0,0
BRDA:215,19,1,0
BRDA:224,20,0,0
BRDA:224,20,1,0
BRDA:228,21,0,0
BRDA:228,21,1,0
BRDA:228,21,2,0
BRDA:228,21,3,0
BRDA:235,22,0,0
BRDA:235,22,1,0
BRDA:249,23,0,0
BRDA:249,23,1,0
BRDA:258,24,0,0
BRDA:258,24,1,0
BRDA:262,25,0,0
BRDA:262,25,1,0
BRDA:262,25,2,0
BRDA:262,25,3,0
BRDA:269,26,0,0
BRDA:269,26,1,0
BRDA:288,27,0,0
BRDA:288,27,1,0
BRDA:294,28,0,0
BRDA:294,28,1,0
BRDA:295,29,0,0
BRDA:295,29,1,0
BRDA:299,30,0,0
BRDA:299,30,1,0
BRDA:303,31,0,0
BRDA:303,31,1,0
BRDA:310,32,0,0
BRDA:310,32,1,0
BRDA:312,33,0,0
BRDA:312,33,1,0
BRDA:335,34,0,0
BRDA:335,34,1,0
BRDA:337,35,0,0
BRDA:337,35,1,0
BRDA:338,36,0,0
BRDA:338,36,1,0
BRDA:363,37,0,0
BRDA:363,37,1,0
BRDA:391,38,0,0
BRDA:391,38,1,0
BRDA:395,39,0,0
BRDA:395,39,1,0
BRDA:417,40,0,0
BRDA:417,40,1,0
BRDA:417,41,0,0
BRDA:417,41,1,0
BRDA:418,42,0,0
BRDA:418,42,1,0
BRDA:420,43,0,0
BRDA:420,43,1,0
BRDA:420,44,0,0
BRDA:420,44,1,0
BRDA:420,44,2,0
BRDA:424,45,0,0
BRDA:424,45,1,0
BRF:100
BRH:0
end_of_record
TN:
SF:js\services\collectorService.js
FN:11,getOffscreenDocument
FN:21,limitConcurrency
FN:24,(anonymous_2)
FN:24,(anonymous_3)
FN:26,(anonymous_4)
FN:34,normalizeUrlForComparison
FN:42,encodeUrlForFirebaseKey
FN:46,updateUrlIndex
FN:56,(anonymous_8)
FN:70,(anonymous_9)
FN:83,checkDuplicateUrl
FN:94,(anonymous_11)
FN:99,(anonymous_12)
FN:138,processRssItem
FN:215,fetchRssFeed
FN:307,(anonymous_15)
FN:314,fetchYoutubeChannel
FN:322,(anonymous_17)
FN:352,resolveBlogUrlToRss
FN:390,fetchAllChannelData
FN:407,(anonymous_20)
FN:428,(anonymous_21)
FN:438,(anonymous_22)
FN:441,(anonymous_23)
FN:453,(anonymous_24)
FN:465,(anonymous_25)
FN:475,(anonymous_26)
FN:503,parseBlogPage
FN:513,(anonymous_28)
FN:522,fetchImageAsBase64
FN:527,(anonymous_30)
FN:528,(anonymous_31)
FN:535,fetchAndSaveSinglePost
FN:634,(anonymous_33)
FN:674,(anonymous_34)
FN:717,deleteChannelData
FN:736,(anonymous_36)
FN:780,refreshChannelData
FN:803,extractKeywords
FN:830,extractKeywordsFromText
FN:843,(anonymous_40)
FN:851,(anonymous_41)
FN:853,(anonymous_42)
FN:857,summarizeText
FNF:44
FNH:0
FNDA:0,getOffscreenDocument
FNDA:0,limitConcurrency
FNDA:0,(anonymous_2)
FNDA:0,(anonymous_3)
FNDA:0,(anonymous_4)
FNDA:0,normalizeUrlForComparison
FNDA:0,encodeUrlForFirebaseKey
FNDA:0,updateUrlIndex
FNDA:0,(anonymous_8)
FNDA:0,(anonymous_9)
FNDA:0,checkDuplicateUrl
FNDA:0,(anonymous_11)
FNDA:0,(anonymous_12)
FNDA:0,processRssItem
FNDA:0,fetchRssFeed
FNDA:0,(anonymous_15)
FNDA:0,fetchYoutubeChannel
FNDA:0,(anonymous_17)
FNDA:0,resolveBlogUrlToRss
FNDA:0,fetchAllChannelData
FNDA:0,(anonymous_20)
FNDA:0,(anonymous_21)
FNDA:0,(anonymous_22)
FNDA:0,(anonymous_23)
FNDA:0,(anonymous_24)
FNDA:0,(anonymous_25)
FNDA:0,(anonymous_26)
FNDA:0,parseBlogPage
FNDA:0,(anonymous_28)
FNDA:0,fetchImageAsBase64
FNDA:0,(anonymous_30)
FNDA:0,(anonymous_31)
FNDA:0,fetchAndSaveSinglePost
FNDA:0,(anonymous_33)
FNDA:0,(anonymous_34)
FNDA:0,deleteChannelData
FNDA:0,(anonymous_36)
FNDA:0,refreshChannelData
FNDA:0,extractKeywords
FNDA:0,extractKeywordsFromText
FNDA:0,(anonymous_40)
FNDA:0,(anonymous_41)
FNDA:0,(anonymous_42)
FNDA:0,summarizeText
DA:12,0
DA:13,0
DA:15,0
DA:16,0
DA:17,0
DA:22,0
DA:23,0
DA:24,0
DA:25,0
DA:26,0
DA:27,0
DA:28,0
DA:30,0
DA:35,0
DA:36,0
DA:37,0
DA:38,0
DA:39,0
DA:43,0
DA:48,0
DA:50,0
DA:51,0
DA:52,0
DA:53,0
DA:54,0
DA:55,0
DA:57,0
DA:58,0
DA:64,0
DA:65,0
DA:66,0
DA:67,0
DA:68,0
DA:69,0
DA:71,0
DA:72,0
DA:78,0
DA:79,0
DA:84,0
DA:85,0
DA:86,0
DA:87,0
DA:88,0
DA:89,0
DA:92,0
DA:93,0
DA:94,0
DA:95,0
DA:98,0
DA:99,0
DA:100,0
DA:105,0
DA:106,0
DA:107,0
DA:109,0
DA:110,0
DA:112,0
DA:113,0
DA:121,0
DA:122,0
DA:123,0
DA:124,0
DA:126,0
DA:132,0
DA:134,0
DA:139,0
DA:140,0
DA:141,0
DA:143,0
DA:144,0
DA:145,0
DA:146,0
DA:149,0
DA:151,0
DA:152,0
DA:153,0
DA:154,0
DA:155,0
DA:159,0
DA:160,0
DA:161,0
DA:162,0
DA:163,0
DA:167,0
DA:168,0
DA:169,0
DA:170,0
DA:171,0
DA:175,0
DA:176,0
DA:177,0
DA:180,0
DA:181,0
DA:184,0
DA:185,0
DA:188,0
DA:191,0
DA:192,0
DA:196,0
DA:197,0
DA:198,0
DA:201,0
DA:212,0
DA:217,0
DA:218,0
DA:219,0
DA:222,0
DA:223,0
DA:224,0
DA:225,0
DA:227,0
DA:228,0
DA:229,0
DA:230,0
DA:232,0
DA:233,0
DA:234,0
DA:236,0
DA:243,0
DA:246,0
DA:249,0
DA:250,0
DA:251,0
DA:254,0
DA:255,0
DA:260,0
DA:261,0
DA:262,0
DA:263,0
DA:264,0
DA:265,0
DA:266,0
DA:267,0
DA:268,0
DA:275,0
DA:276,0
DA:277,0
DA:278,0
DA:281,0
DA:282,0
DA:288,0
DA:289,0
DA:298,0
DA:306,0
DA:307,0
DA:309,0
DA:315,0
DA:316,0
DA:318,0
DA:319,0
DA:320,0
DA:322,0
DA:323,0
DA:325,0
DA:326,0
DA:328,0
DA:329,0
DA:331,0
DA:332,0
DA:333,0
DA:345,0
DA:353,0
DA:354,0
DA:357,0
DA:358,0
DA:359,0
DA:360,0
DA:363,0
DA:364,0
DA:365,0
DA:366,0
DA:367,0
DA:368,0
DA:370,0
DA:371,0
DA:372,0
DA:374,0
DA:375,0
DA:376,0
DA:377,0
DA:378,0
DA:382,0
DA:384,0
DA:385,0
DA:391,0
DA:393,0
DA:394,0
DA:395,0
DA:396,0
DA:397,0
DA:398,0
DA:401,0
DA:403,0
DA:406,0
DA:407,0
DA:408,0
DA:411,0
DA:412,0
DA:413,0
DA:416,0
DA:417,0
DA:418,0
DA:419,0
DA:421,0
DA:424,0
DA:427,0
DA:428,0
DA:429,0
DA:430,0
DA:437,0
DA:438,0
DA:439,0
DA:440,0
DA:441,0
DA:442,0
DA:443,0
DA:446,0
DA:452,0
DA:453,0
DA:455,0
DA:463,0
DA:464,0
DA:465,0
DA:466,0
DA:467,0
DA:468,0
DA:472,0
DA:473,0
DA:474,0
DA:475,0
DA:476,0
DA:477,0
DA:480,0
DA:484,0
DA:489,0
DA:490,0
DA:491,0
DA:492,0
DA:493,0
DA:495,0
DA:498,0
DA:504,0
DA:505,0
DA:506,0
DA:507,0
DA:508,0
DA:509,0
DA:512,0
DA:513,0
DA:514,0
DA:517,0
DA:523,0
DA:524,0
DA:525,0
DA:526,0
DA:527,0
DA:528,0
DA:529,0
DA:531,0
DA:536,0
DA:537,0
DA:540,0
DA:541,0
DA:542,0
DA:543,0
DA:552,0
DA:553,0
DA:554,0
DA:555,0
DA:556,0
DA:557,0
DA:558,0
DA:560,0
DA:564,0
DA:565,0
DA:567,0
DA:568,0
DA:569,0
DA:571,0
DA:572,0
DA:573,0
DA:575,0
DA:576,0
DA:591,0
DA:592,0
DA:594,0
DA:595,0
DA:599,0
DA:600,0
DA:601,0
DA:603,0
DA:604,0
DA:607,0
DA:608,0
DA:609,0
DA:610,0
DA:611,0
DA:613,0
DA:614,0
DA:615,0
DA:617,0
DA:621,0
DA:622,0
DA:624,0
DA:625,0
DA:626,0
DA:627,0
DA:628,0
DA:631,0
DA:632,0
DA:633,0
DA:634,0
DA:635,0
DA:636,0
DA:639,0
DA:640,0
DA:641,0
DA:642,0
DA:644,0
DA:645,0
DA:646,0
DA:648,0
DA:649,0
DA:650,0
DA:651,0
DA:652,0
DA:653,0
DA:655,0
DA:658,0
DA:661,0
DA:662,0
DA:664,0
DA:665,0
DA:670,0
DA:671,0
DA:672,0
DA:673,0
DA:674,0
DA:675,0
DA:676,0
DA:679,0
DA:680,0
DA:682,0
DA:685,0
DA:686,0
DA:691,0
DA:693,0
DA:707,0
DA:708,0
DA:712,0
DA:713,0
DA:718,0
DA:719,0
DA:720,0
DA:721,0
DA:722,0
DA:723,0
DA:724,0
DA:726,0
DA:727,0
DA:728,0
DA:729,0
DA:730,0
DA:733,0
DA:734,0
DA:735,0
DA:736,0
DA:737,0
DA:738,0
DA:740,0
DA:741,0
DA:742,0
DA:743,0
DA:744,0
DA:745,0
DA:746,0
DA:747,0
DA:750,0
DA:753,0
DA:756,0
DA:757,0
DA:758,0
DA:759,0
DA:760,0
DA:762,0
DA:768,0
DA:773,0
DA:775,0
DA:776,0
DA:781,0
DA:782,0
DA:783,0
DA:784,0
DA:785,0
DA:791,0
DA:792,0
DA:793,0
DA:794,0
DA:797,0
DA:799,0
DA:805,0
DA:807,0
DA:810,0
DA:811,0
DA:814,0
DA:817,0
DA:820,0
DA:822,0
DA:823,0
DA:831,0
DA:834,0
DA:837,0
DA:842,0
DA:843,0
DA:844,0
DA:845,0
DA:850,0
DA:851,0
DA:853,0
DA:855,0
DA:859,0
DA:860,0
LF:422
LH:0
BRDA:12,0,0,0
BRDA:12,0,1,0
BRDA:13,1,0,0
BRDA:13,1,1,0
BRDA:21,2,0,0
BRDA:28,3,0,0
BRDA:28,3,1,0
BRDA:35,4,0,0
BRDA:35,4,1,0
BRDA:50,5,0,0
BRDA:50,5,1,0
BRDA:52,6,0,0
BRDA:52,6,1,0
BRDA:64,7,0,0
BRDA:64,7,1,0
BRDA:66,8,0,0
BRDA:66,8,1,0
BRDA:78,9,0,0
BRDA:78,9,1,0
BRDA:84,10,0,0
BRDA:84,10,1,0
BRDA:88,11,0,0
BRDA:88,11,1,0
BRDA:93,12,0,0
BRDA:93,12,1,0
BRDA:98,13,0,0
BRDA:98,13,1,0
BRDA:109,14,0,0
BRDA:109,14,1,0
BRDA:117,15,0,0
BRDA:117,15,1,0
BRDA:139,16,0,0
BRDA:139,16,1,0
BRDA:140,17,0,0
BRDA:140,17,1,0
BRDA:144,18,0,0
BRDA:144,18,1,0
BRDA:146,19,0,0
BRDA:146,19,1,0
BRDA:153,20,0,0
BRDA:153,20,1,0
BRDA:155,21,0,0
BRDA:155,21,1,0
BRDA:155,22,0,0
BRDA:155,22,1,0
BRDA:161,23,0,0
BRDA:161,23,1,0
BRDA:163,24,0,0
BRDA:163,24,1,0
BRDA:163,25,0,0
BRDA:163,25,1,0
BRDA:169,26,0,0
BRDA:169,26,1,0
BRDA:171,27,0,0
BRDA:171,27,1,0
BRDA:171,28,0,0
BRDA:171,28,1,0
BRDA:181,29,0,0
BRDA:181,29,1,0
BRDA:185,30,0,0
BRDA:185,30,1,0
BRDA:188,31,0,0
BRDA:188,31,1,0
BRDA:191,32,0,0
BRDA:191,32,1,0
BRDA:191,33,0,0
BRDA:191,33,1,0
BRDA:191,33,2,0
BRDA:191,33,3,0
BRDA:196,34,0,0
BRDA:196,34,1,0
BRDA:196,35,0,0
BRDA:196,35,1,0
BRDA:198,36,0,0
BRDA:198,36,1,0
BRDA:198,37,0,0
BRDA:198,37,1,0
BRDA:217,38,0,0
BRDA:217,38,1,0
BRDA:217,39,0,0
BRDA:217,39,1,0
BRDA:217,39,2,0
BRDA:228,40,0,0
BRDA:228,40,1,0
BRDA:230,41,0,0
BRDA:230,41,1,0
BRDA:233,42,0,0
BRDA:233,42,1,0
BRDA:234,43,0,0
BRDA:234,43,1,0
BRDA:250,44,0,0
BRDA:250,44,1,0
BRDA:250,45,0,0
BRDA:250,45,1,0
BRDA:254,46,0,0
BRDA:254,46,1,0
BRDA:254,47,0,0
BRDA:254,47,1,0
BRDA:260,48,0,0
BRDA:260,48,1,0
BRDA:262,49,0,0
BRDA:262,49,1,0
BRDA:266,50,0,0
BRDA:266,50,1,0
BRDA:266,51,0,0
BRDA:266,51,1,0
BRDA:275,52,0,0
BRDA:275,52,1,0
BRDA:277,53,0,0
BRDA:277,53,1,0
BRDA:277,54,0,0
BRDA:277,54,1,0
BRDA:281,55,0,0
BRDA:281,55,1,0
BRDA:281,56,0,0
BRDA:281,56,1,0
BRDA:288,57,0,0
BRDA:288,57,1,0
BRDA:306,58,0,0
BRDA:306,58,1,0
BRDA:309,59,0,0
BRDA:309,59,1,0
BRDA:316,60,0,0
BRDA:316,60,1,0
BRDA:320,61,0,0
BRDA:320,61,1,0
BRDA:323,62,0,0
BRDA:323,62,1,0
BRDA:331,63,0,0
BRDA:331,63,1,0
BRDA:339,64,0,0
BRDA:339,64,1,0
BRDA:340,65,0,0
BRDA:340,65,1,0
BRDA:341,66,0,0
BRDA:341,66,1,0
BRDA:353,67,0,0
BRDA:353,67,1,0
BRDA:353,68,0,0
BRDA:353,68,1,0
BRDA:353,68,2,0
BRDA:363,69,0,0
BRDA:363,69,1,0
BRDA:365,70,0,0
BRDA:365,70,1,0
BRDA:367,71,0,0
BRDA:367,71,1,0
BRDA:367,72,0,0
BRDA:367,72,1,0
BRDA:367,72,2,0
BRDA:371,73,0,0
BRDA:371,73,1,0
BRDA:375,74,0,0
BRDA:375,74,1,0
BRDA:375,75,0,0
BRDA:375,75,1,0
BRDA:376,76,0,0
BRDA:376,76,1,0
BRDA:377,77,0,0
BRDA:377,77,1,0
BRDA:377,78,0,0
BRDA:377,78,1,0
BRDA:382,79,0,0
BRDA:382,79,1,0
BRDA:396,80,0,0
BRDA:396,80,1,0
BRDA:401,81,0,0
BRDA:401,81,1,0
BRDA:401,82,0,0
BRDA:401,82,1,0
BRDA:406,83,0,0
BRDA:406,83,1,0
BRDA:411,84,0,0
BRDA:411,84,1,0
BRDA:411,85,0,0
BRDA:411,85,1,0
BRDA:411,85,2,0
BRDA:416,86,0,0
BRDA:416,86,1,0
BRDA:416,87,0,0
BRDA:416,87,1,0
BRDA:416,87,2,0
BRDA:418,88,0,0
BRDA:418,88,1,0
BRDA:427,89,0,0
BRDA:427,89,1,0
BRDA:437,90,0,0
BRDA:437,90,1,0
BRDA:439,91,0,0
BRDA:439,91,1,0
BRDA:439,92,0,0
BRDA:439,92,1,0
BRDA:439,92,2,0
BRDA:452,93,0,0
BRDA:452,93,1,0
BRDA:463,94,0,0
BRDA:463,94,1,0
BRDA:463,95,0,0
BRDA:463,95,1,0
BRDA:463,95,2,0
BRDA:466,96,0,0
BRDA:466,96,1,0
BRDA:466,97,0,0
BRDA:466,97,1,0
BRDA:466,97,2,0
BRDA:473,98,0,0
BRDA:473,98,1,0
BRDA:489,99,0,0
BRDA:489,99,1,0
BRDA:506,100,0,0
BRDA:506,100,1,0
BRDA:508,101,0,0
BRDA:508,101,1,0
BRDA:537,102,0,0
BRDA:537,102,1,0
BRDA:537,103,0,0
BRDA:537,103,1,0
BRDA:541,104,0,0
BRDA:541,104,1,0
BRDA:546,105,0,0
BRDA:546,105,1,0
BRDA:555,106,0,0
BRDA:555,106,1,0
BRDA:555,107,0,0
BRDA:555,107,1,0
BRDA:557,108,0,0
BRDA:557,108,1,0
BRDA:558,109,0,0
BRDA:558,109,1,0
BRDA:560,110,0,0
BRDA:560,110,1,0
BRDA:567,111,0,0
BRDA:567,111,1,0
BRDA:569,112,0,0
BRDA:569,112,1,0
BRDA:573,113,0,0
BRDA:573,113,1,0
BRDA:582,114,0,0
BRDA:582,114,1,0
BRDA:583,115,0,0
BRDA:583,115,1,0
BRDA:584,116,0,0
BRDA:584,116,1,0
BRDA:586,117,0,0
BRDA:586,117,1,0
BRDA:592,118,0,0
BRDA:592,118,1,0
BRDA:600,119,0,0
BRDA:600,119,1,0
BRDA:604,120,0,0
BRDA:604,120,1,0
BRDA:604,121,0,0
BRDA:604,121,1,0
BRDA:608,122,0,0
BRDA:608,122,1,0
BRDA:608,123,0,0
BRDA:608,123,1,0
BRDA:608,123,2,0
BRDA:610,124,0,0
BRDA:610,124,1,0
BRDA:615,125,0,0
BRDA:615,125,1,0
BRDA:622,126,0,0
BRDA:622,126,1,0
BRDA:622,127,0,0
BRDA:622,127,1,0
BRDA:626,128,0,0
BRDA:626,128,1,0
BRDA:632,129,0,0
BRDA:632,129,1,0
BRDA:633,130,0,0
BRDA:633,130,1,0
BRDA:635,131,0,0
BRDA:635,131,1,0
BRDA:635,132,0,0
BRDA:635,132,1,0
BRDA:639,133,0,0
BRDA:639,133,1,0
BRDA:639,134,0,0
BRDA:639,134,1,0
BRDA:642,135,0,0
BRDA:642,135,1,0
BRDA:642,136,0,0
BRDA:642,136,1,0
BRDA:648,137,0,0
BRDA:648,137,1,0
BRDA:650,138,0,0
BRDA:650,138,1,0
BRDA:652,139,0,0
BRDA:652,139,1,0
BRDA:652,140,0,0
BRDA:652,140,1,0
BRDA:652,140,2,0
BRDA:658,141,0,0
BRDA:658,141,1,0
BRDA:672,142,0,0
BRDA:672,142,1,0
BRDA:673,143,0,0
BRDA:673,143,1,0
BRDA:675,144,0,0
BRDA:675,144,1,0
BRDA:675,145,0,0
BRDA:675,145,1,0
BRDA:679,146,0,0
BRDA:679,146,1,0
BRDA:679,147,0,0
BRDA:679,147,1,0
BRDA:691,148,0,0
BRDA:691,148,1,0
BRDA:700,149,0,0
BRDA:700,149,1,0
BRDA:704,150,0,0
BRDA:704,150,1,0
BRDA:724,151,0,0
BRDA:724,151,1,0
BRDA:735,152,0,0
BRDA:735,152,1,0
BRDA:737,153,0,0
BRDA:737,153,1,0
BRDA:740,154,0,0
BRDA:740,154,1,0
BRDA:742,155,0,0
BRDA:742,155,1,0
BRDA:742,156,0,0
BRDA:742,156,1,0
BRDA:743,157,0,0
BRDA:743,157,1,0
BRDA:743,158,0,0
BRDA:743,158,1,0
BRDA:743,158,2,0
BRDA:743,159,0,0
BRDA:743,159,1,0
BRDA:743,159,2,0
BRDA:750,160,0,0
BRDA:750,160,1,0
BRDA:753,161,0,0
BRDA:753,161,1,0
BRDA:756,162,0,0
BRDA:756,162,1,0
BRDA:760,163,0,0
BRDA:760,163,1,0
BRDA:783,164,0,0
BRDA:783,164,1,0
BRDA:791,165,0,0
BRDA:791,165,1,0
BRDA:793,166,0,0
BRDA:793,166,1,0
BRDA:805,167,0,0
BRDA:805,167,1,0
BRDA:805,168,0,0
BRDA:805,168,1,0
BRDA:830,169,0,0
BRDA:831,170,0,0
BRDA:831,170,1,0
BRDA:831,171,0,0
BRDA:831,171,1,0
BRDA:834,172,0,0
BRDA:834,172,1,0
BRDA:844,173,0,0
BRDA:844,173,1,0
BRDA:844,174,0,0
BRDA:844,174,1,0
BRDA:845,175,0,0
BRDA:845,175,1,0
BRDA:859,176,0,0
BRDA:859,176,1,0
BRDA:859,177,0,0
BRDA:859,177,1,0
BRF:368
BRH:0
end_of_record
TN:
SF:js\services\firebaseService.js
FN:39,getCurrentUserId
FN:80,initializeFirebase
FN:98,(anonymous_2)
FN:114,dbRequest
FN:174,signInToFirebaseWithGoogleToken
FN:209,ref
FN:213,get
FN:216,(anonymous_7)
FN:217,(anonymous_8)
FN:221,set
FN:226,update
FN:231,remove
FN:236,push
FN:251,(anonymous_13)
FN:260,(anonymous_14)
FN:265,onValue
FN:268,(anonymous_16)
FN:269,(anonymous_17)
FN:272,getDb
FN:276,serverTimestamp
FN:280,getUserRef
FN:284,cleanDataForFirebase
FN:299,uploadImageToFirebaseStorage
FN:326,(anonymous_23)
FN:368,dataURLtoBlob
FN:382,initializeAuthStateListener
FN:393,(anonymous_26)
FN:425,getFirebaseAuthState
FN:452,isFirebaseAuthenticated
FN:459,ensureFirebaseAuthenticated
FN:470,onFirebaseAuthStateChanged
FN:476,(anonymous_31)
FNF:32
FNH:0
FNDA:0,getCurrentUserId
FNDA:0,initializeFirebase
FNDA:0,(anonymous_2)
FNDA:0,dbRequest
FNDA:0,signInToFirebaseWithGoogleToken
FNDA:0,ref
FNDA:0,get
FNDA:0,(anonymous_7)
FNDA:0,(anonymous_8)
FNDA:0,set
FNDA:0,update
FNDA:0,remove
FNDA:0,push
FNDA:0,(anonymous_13)
FNDA:0,(anonymous_14)
FNDA:0,onValue
FNDA:0,(anonymous_16)
FNDA:0,(anonymous_17)
FNDA:0,getDb
FNDA:0,serverTimestamp
FNDA:0,getUserRef
FNDA:0,cleanDataForFirebase
FNDA:0,uploadImageToFirebaseStorage
FNDA:0,(anonymous_23)
FNDA:0,dataURLtoBlob
FNDA:0,initializeAuthStateListener
FNDA:0,(anonymous_26)
FNDA:0,getFirebaseAuthState
FNDA:0,isFirebaseAuthenticated
FNDA:0,ensureFirebaseAuthenticated
FNDA:0,onFirebaseAuthStateChanged
FNDA:0,(anonymous_31)
DA:11,0
DA:15,0
DA:26,0
DA:27,0
DA:28,0
DA:31,0
DA:32,0
DA:40,0
DA:41,0
DA:44,0
DA:46,0
DA:53,0
DA:54,0
DA:55,0
DA:59,0
DA:60,0
DA:64,0
DA:65,0
DA:66,0
DA:70,0
DA:71,0
DA:72,0
DA:74,0
DA:75,0
DA:76,0
DA:81,0
DA:82,0
DA:85,0
DA:86,0
DA:87,0
DA:88,0
DA:91,0
DA:92,0
DA:98,0
DA:99,0
DA:102,0
DA:103,0
DA:104,0
DA:107,0
DA:109,0
DA:110,0
DA:115,0
DA:116,0
DA:118,0
DA:119,0
DA:120,0
DA:123,0
DA:127,0
DA:128,0
DA:130,0
DA:131,0
DA:132,0
DA:133,0
DA:135,0
DA:137,0
DA:140,0
DA:144,0
DA:146,0
DA:147,0
DA:148,0
DA:150,0
DA:151,0
DA:153,0
DA:157,0
DA:158,0
DA:161,0
DA:163,0
DA:164,0
DA:175,0
DA:176,0
DA:179,0
DA:183,0
DA:184,0
DA:187,0
DA:189,0
DA:198,0
DA:199,0
DA:210,0
DA:214,0
DA:215,0
DA:216,0
DA:217,0
DA:222,0
DA:223,0
DA:227,0
DA:228,0
DA:232,0
DA:233,0
DA:240,0
DA:241,0
DA:242,0
DA:245,0
DA:246,0
DA:247,0
DA:248,0
DA:249,0
DA:251,0
DA:255,0
DA:256,0
DA:257,0
DA:258,0
DA:260,0
DA:267,0
DA:268,0
DA:269,0
DA:273,0
DA:277,0
DA:281,0
DA:285,0
DA:286,0
DA:287,0
DA:288,0
DA:289,0
DA:290,0
DA:291,0
DA:292,0
DA:295,0
DA:300,0
DA:301,0
DA:302,0
DA:303,0
DA:304,0
DA:305,0
DA:306,0
DA:310,0
DA:311,0
DA:312,0
DA:314,0
DA:316,0
DA:325,0
DA:326,0
DA:327,0
DA:329,0
DA:330,0
DA:331,0
DA:334,0
DA:337,0
DA:340,0
DA:343,0
DA:344,0
DA:345,0
DA:346,0
DA:348,0
DA:356,0
DA:359,0
DA:361,0
DA:363,0
DA:364,0
DA:369,0
DA:370,0
DA:371,0
DA:372,0
DA:373,0
DA:374,0
DA:375,0
DA:383,0
DA:384,0
DA:388,0
DA:389,0
DA:393,0
DA:394,0
DA:403,0
DA:409,0
DA:410,0
DA:415,0
DA:419,0
DA:426,0
DA:428,0
DA:429,0
DA:433,0
DA:434,0
DA:435,0
DA:436,0
DA:437,0
DA:438,0
DA:442,0
DA:444,0
DA:445,0
DA:453,0
DA:460,0
DA:461,0
DA:462,0
DA:464,0
DA:471,0
DA:472,0
DA:473,0
DA:476,0
DA:477,0
DA:492,0
DA:494,0
LF:190
LH:0
BRDA:44,0,0,0
BRDA:44,0,1,0
BRDA:59,1,0,0
BRDA:59,1,1,0
BRDA:81,2,0,0
BRDA:81,2,1,0
BRDA:85,3,0,0
BRDA:85,3,1,0
BRDA:102,4,0,0
BRDA:102,4,1,0
BRDA:107,5,0,0
BRDA:107,5,1,0
BRDA:109,6,0,0
BRDA:109,6,1,0
BRDA:114,7,0,0
BRDA:119,8,0,0
BRDA:119,8,1,0
BRDA:127,9,0,0
BRDA:127,9,1,0
BRDA:130,10,0,0
BRDA:130,10,1,0
BRDA:130,11,0,0
BRDA:130,11,1,0
BRDA:130,11,2,0
BRDA:132,12,0,0
BRDA:132,12,1,0
BRDA:146,13,0,0
BRDA:146,13,1,0
BRDA:150,14,0,0
BRDA:150,14,1,0
BRDA:150,15,0,0
BRDA:150,15,1,0
BRDA:157,16,0,0
BRDA:157,16,1,0
BRDA:183,17,0,0
BRDA:183,17,1,0
BRDA:210,18,0,0
BRDA:210,18,1,0
BRDA:217,19,0,0
BRDA:217,19,1,0
BRDA:236,20,0,0
BRDA:240,21,0,0
BRDA:240,21,1,0
BRDA:245,22,0,0
BRDA:245,22,1,0
BRDA:285,23,0,0
BRDA:285,23,1,0
BRDA:286,24,0,0
BRDA:286,24,1,0
BRDA:286,25,0,0
BRDA:286,25,1,0
BRDA:287,26,0,0
BRDA:287,26,1,0
BRDA:290,27,0,0
BRDA:290,27,1,0
BRDA:292,28,0,0
BRDA:292,28,1,0
BRDA:303,29,0,0
BRDA:303,29,1,0
BRDA:305,30,0,0
BRDA:305,30,1,0
BRDA:320,31,0,0
BRDA:320,31,1,0
BRDA:325,32,0,0
BRDA:325,32,1,0
BRDA:327,33,0,0
BRDA:327,33,1,0
BRDA:329,34,0,0
BRDA:329,34,1,0
BRDA:340,35,0,0
BRDA:340,35,1,0
BRDA:383,36,0,0
BRDA:383,36,1,0
BRDA:388,37,0,0
BRDA:388,37,1,0
BRDA:396,38,0,0
BRDA:396,38,1,0
BRDA:428,39,0,0
BRDA:428,39,1,0
BRDA:434,40,0,0
BRDA:434,40,1,0
BRDA:434,41,0,0
BRDA:434,41,1,0
BRDA:436,42,0,0
BRDA:436,42,1,0
BRDA:461,43,0,0
BRDA:461,43,1,0
BRDA:461,44,0,0
BRDA:461,44,1,0
BRDA:471,45,0,0
BRDA:471,45,1,0
BRDA:479,46,0,0
BRDA:479,46,1,0
BRF:93
BRH:0
end_of_record
TN:
SF:js\services\kanbanService.js
FN:39,createAndSaveNewIdea
FN:71,(anonymous_1)
FN:80,(anonymous_2)
FN:86,(anonymous_3)
FN:126,(anonymous_4)
FN:137,(anonymous_5)
FN:157,addIdeaToKanban
FN:226,(anonymous_7)
FN:235,(anonymous_8)
FN:241,(anonymous_9)
FN:330,(anonymous_10)
FN:335,(anonymous_11)
FN:357,(anonymous_12)
FN:362,(anonymous_13)
FN:383,removeIdeaFromKanban
FN:408,deleteKanbanCard
FN:444,(anonymous_16)
FN:463,(anonymous_17)
FNF:18
FNH:0
FNDA:0,createAndSaveNewIdea
FNDA:0,(anonymous_1)
FNDA:0,(anonymous_2)
FNDA:0,(anonymous_3)
FNDA:0,(anonymous_4)
FNDA:0,(anonymous_5)
FNDA:0,addIdeaToKanban
FNDA:0,(anonymous_7)
FNDA:0,(anonymous_8)
FNDA:0,(anonymous_9)
FNDA:0,(anonymous_10)
FNDA:0,(anonymous_11)
FNDA:0,(anonymous_12)
FNDA:0,(anonymous_13)
FNDA:0,removeIdeaFromKanban
FNDA:0,deleteKanbanCard
FNDA:0,(anonymous_16)
FNDA:0,(anonymous_17)
DA:44,0
DA:46,0
DA:47,0
DA:50,0
DA:51,0
DA:52,0
DA:53,0
DA:54,0
DA:55,0
DA:59,0
DA:60,0
DA:61,0
DA:63,0
DA:68,0
DA:69,0
DA:71,0
DA:75,0
DA:80,0
DA:84,0
DA:86,0
DA:91,0
DA:116,0
DA:117,0
DA:120,0
DA:121,0
DA:124,0
DA:125,0
DA:127,0
DA:134,0
DA:135,0
DA:137,0
DA:140,0
DA:143,0
DA:145,0
DA:146,0
DA:162,0
DA:164,0
DA:165,0
DA:167,0
DA:168,0
DA:173,0
DA:174,0
DA:175,0
DA:176,0
DA:177,0
DA:182,0
DA:183,0
DA:194,0
DA:195,0
DA:198,0
DA:201,0
DA:202,0
DA:205,0
DA:206,0
DA:207,0
DA:208,0
DA:209,0
DA:210,0
DA:214,0
DA:215,0
DA:216,0
DA:218,0
DA:223,0
DA:224,0
DA:226,0
DA:230,0
DA:235,0
DA:239,0
DA:241,0
DA:244,0
DA:266,0
DA:267,0
DA:271,0
DA:276,0
DA:277,0
DA:278,0
DA:279,0
DA:282,0
DA:283,0
DA:285,0
DA:286,0
DA:293,0
DA:296,0
DA:298,0
DA:299,0
DA:301,0
DA:310,0
DA:312,0
DA:317,0
DA:318,0
DA:323,0
DA:331,0
DA:336,0
DA:339,0
DA:347,0
DA:348,0
DA:351,0
DA:352,0
DA:358,0
DA:363,0
DA:370,0
DA:372,0
DA:373,0
DA:384,0
DA:385,0
DA:388,0
DA:389,0
DA:390,0
DA:392,0
DA:395,0
DA:397,0
DA:398,0
DA:409,0
DA:410,0
DA:413,0
DA:414,0
DA:415,0
DA:418,0
DA:419,0
DA:421,0
DA:422,0
DA:426,0
DA:429,0
DA:432,0
DA:433,0
DA:434,0
DA:436,0
DA:437,0
DA:440,0
DA:441,0
DA:442,0
DA:443,0
DA:445,0
DA:449,0
DA:455,0
DA:456,0
DA:459,0
DA:460,0
DA:461,0
DA:462,0
DA:464,0
DA:468,0
DA:474,0
DA:475,0
DA:478,0
DA:483,0
DA:484,0
DA:486,0
DA:487,0
LF:149
LH:0
BRDA:41,0,0,0
BRDA:42,1,0,0
BRDA:46,2,0,0
BRDA:46,2,1,0
BRDA:47,3,0,0
BRDA:47,3,1,0
BRDA:47,3,2,0
BRDA:50,4,0,0
BRDA:50,4,1,0
BRDA:50,5,0,0
BRDA:50,5,1,0
BRDA:51,6,0,0
BRDA:51,6,1,0
BRDA:51,7,0,0
BRDA:51,7,1,0
BRDA:52,8,0,0
BRDA:52,8,1,0
BRDA:53,9,0,0
BRDA:53,9,1,0
BRDA:54,10,0,0
BRDA:54,10,1,0
BRDA:55,11,0,0
BRDA:55,11,1,0
BRDA:59,12,0,0
BRDA:59,12,1,0
BRDA:60,13,0,0
BRDA:60,13,1,0
BRDA:60,14,0,0
BRDA:60,14,1,0
BRDA:68,15,0,0
BRDA:68,15,1,0
BRDA:69,16,0,0
BRDA:69,16,1,0
BRDA:75,17,0,0
BRDA:75,17,1,0
BRDA:76,18,0,0
BRDA:76,18,1,0
BRDA:76,18,2,0
BRDA:92,19,0,0
BRDA:92,19,1,0
BRDA:93,20,0,0
BRDA:93,20,1,0
BRDA:94,21,0,0
BRDA:94,21,1,0
BRDA:100,22,0,0
BRDA:100,22,1,0
BRDA:101,23,0,0
BRDA:101,23,1,0
BRDA:101,23,2,0
BRDA:103,24,0,0
BRDA:103,24,1,0
BRDA:103,24,2,0
BRDA:103,24,3,0
BRDA:107,25,0,0
BRDA:107,25,1,0
BRDA:110,26,0,0
BRDA:110,26,1,0
BRDA:111,27,0,0
BRDA:111,27,1,0
BRDA:124,28,0,0
BRDA:124,28,1,0
BRDA:134,29,0,0
BRDA:134,29,1,0
BRDA:134,30,0,0
BRDA:134,30,1,0
BRDA:159,31,0,0
BRDA:160,32,0,0
BRDA:164,33,0,0
BRDA:164,33,1,0
BRDA:164,34,0,0
BRDA:164,34,1,0
BRDA:167,35,0,0
BRDA:167,35,1,0
BRDA:173,36,0,0
BRDA:173,36,1,0
BRDA:174,37,0,0
BRDA:174,37,1,0
BRDA:176,38,0,0
BRDA:176,38,1,0
BRDA:182,39,0,0
BRDA:182,39,1,0
BRDA:194,40,0,0
BRDA:194,40,1,0
BRDA:201,41,0,0
BRDA:201,41,1,0
BRDA:202,42,0,0
BRDA:202,42,1,0
BRDA:202,42,2,0
BRDA:205,43,0,0
BRDA:205,43,1,0
BRDA:205,44,0,0
BRDA:205,44,1,0
BRDA:206,45,0,0
BRDA:206,45,1,0
BRDA:206,46,0,0
BRDA:206,46,1,0
BRDA:207,47,0,0
BRDA:207,47,1,0
BRDA:208,48,0,0
BRDA:208,48,1,0
BRDA:209,49,0,0
BRDA:209,49,1,0
BRDA:210,50,0,0
BRDA:210,50,1,0
BRDA:214,51,0,0
BRDA:214,51,1,0
BRDA:215,52,0,0
BRDA:215,52,1,0
BRDA:215,53,0,0
BRDA:215,53,1,0
BRDA:223,54,0,0
BRDA:223,54,1,0
BRDA:224,55,0,0
BRDA:224,55,1,0
BRDA:230,56,0,0
BRDA:230,56,1,0
BRDA:231,57,0,0
BRDA:231,57,1,0
BRDA:231,57,2,0
BRDA:246,58,0,0
BRDA:246,58,1,0
BRDA:247,59,0,0
BRDA:247,59,1,0
BRDA:252,60,0,0
BRDA:252,60,1,0
BRDA:253,61,0,0
BRDA:253,61,1,0
BRDA:253,61,2,0
BRDA:255,62,0,0
BRDA:255,62,1,0
BRDA:255,62,2,0
BRDA:255,62,3,0
BRDA:259,63,0,0
BRDA:259,63,1,0
BRDA:261,64,0,0
BRDA:261,64,1,0
BRDA:262,65,0,0
BRDA:262,65,1,0
BRDA:266,66,0,0
BRDA:266,66,1,0
BRDA:282,67,0,0
BRDA:282,67,1,0
BRDA:285,68,0,0
BRDA:285,68,1,0
BRDA:296,69,0,0
BRDA:296,69,1,0
BRDA:312,70,0,0
BRDA:312,70,1,0
BRDA:312,70,2,0
BRDA:312,70,3,0
BRDA:317,71,0,0
BRDA:317,71,1,0
BRDA:320,72,0,0
BRDA:320,72,1,0
BRDA:323,73,0,0
BRDA:323,73,1,0
BRDA:341,74,0,0
BRDA:341,74,1,0
BRDA:342,75,0,0
BRDA:342,75,1,0
BRDA:347,76,0,0
BRDA:347,76,1,0
BRDA:347,77,0,0
BRDA:347,77,1,0
BRDA:383,78,0,0
BRDA:384,79,0,0
BRDA:384,79,1,0
BRDA:409,80,0,0
BRDA:409,80,1,0
BRDA:409,81,0,0
BRDA:409,81,1,0
BRDA:421,82,0,0
BRDA:421,82,1,0
BRDA:432,83,0,0
BRDA:432,83,1,0
BRDA:432,84,0,0
BRDA:432,84,1,0
BRDA:436,85,0,0
BRDA:436,85,1,0
BRDA:440,86,0,0
BRDA:440,86,1,0
BRDA:455,87,0,0
BRDA:455,87,1,0
BRDA:459,88,0,0
BRDA:459,88,1,0
BRDA:474,89,0,0
BRDA:474,89,1,0
BRF:187
BRH:0
end_of_record
TN:
SF:js\services\migrationService.js
FN:16,runDataMigration
FN:202,checkMigrationNeeded
FN:251,(anonymous_2)
FNF:3
FNH:0
FNDA:0,runDataMigration
FNDA:0,checkMigrationNeeded
FNDA:0,(anonymous_2)
DA:17,0
DA:20,0
DA:21,0
DA:22,0
DA:23,0
DA:25,0
DA:27,0
DA:28,0
DA:31,0
DA:32,0
DA:33,0
DA:38,0
DA:39,0
DA:40,0
DA:41,0
DA:42,0
DA:43,0
DA:46,0
DA:47,0
DA:50,0
DA:54,0
DA:57,0
DA:58,0
DA:59,0
DA:60,0
DA:64,0
DA:65,0
DA:66,0
DA:67,0
DA:71,0
DA:72,0
DA:73,0
DA:74,0
DA:76,0
DA:81,0
DA:82,0
DA:85,0
DA:86,0
DA:87,0
DA:88,0
DA:89,0
DA:90,0
DA:96,0
DA:97,0
DA:98,0
DA:99,0
DA:100,0
DA:104,0
DA:106,0
DA:107,0
DA:109,0
DA:110,0
DA:111,0
DA:113,0
DA:117,0
DA:118,0
DA:120,0
DA:121,0
DA:122,0
DA:123,0
DA:126,0
DA:127,0
DA:132,0
DA:133,0
DA:136,0
DA:137,0
DA:138,0
DA:141,0
DA:143,0
DA:147,0
DA:150,0
DA:153,0
DA:155,0
DA:163,0
DA:166,0
DA:167,0
DA:168,0
DA:169,0
DA:170,0
DA:172,0
DA:174,0
DA:175,0
DA:176,0
DA:180,0
DA:181,0
DA:182,0
DA:185,0
DA:188,0
DA:189,0
DA:193,0
DA:203,0
DA:205,0
DA:206,0
DA:208,0
DA:209,0
DA:219,0
DA:220,0
DA:221,0
DA:222,0
DA:224,0
DA:225,0
DA:226,0
DA:227,0
DA:228,0
DA:229,0
DA:233,0
DA:234,0
DA:235,0
DA:236,0
DA:240,0
DA:241,0
DA:251,0
DA:257,0
DA:259,0
DA:271,0
DA:282,0
DA:283,0
LF:117
LH:0
BRDA:16,0,0,0
BRDA:28,1,0,0
BRDA:28,1,1,0
BRDA:31,2,0,0
BRDA:31,2,1,0
BRDA:39,3,0,0
BRDA:39,3,1,0
BRDA:40,4,0,0
BRDA:40,4,1,0
BRDA:42,5,0,0
BRDA:42,5,1,0
BRDA:42,6,0,0
BRDA:42,6,1,0
BRDA:58,7,0,0
BRDA:58,7,1,0
BRDA:59,8,0,0
BRDA:59,8,1,0
BRDA:59,9,0,0
BRDA:59,9,1,0
BRDA:65,10,0,0
BRDA:65,10,1,0
BRDA:66,11,0,0
BRDA:66,11,1,0
BRDA:66,12,0,0
BRDA:66,12,1,0
BRDA:71,13,0,0
BRDA:71,13,1,0
BRDA:88,14,0,0
BRDA:88,14,1,0
BRDA:88,15,0,0
BRDA:88,15,1,0
BRDA:98,16,0,0
BRDA:98,16,1,0
BRDA:98,17,0,0
BRDA:98,17,1,0
BRDA:106,18,0,0
BRDA:106,18,1,0
BRDA:109,19,0,0
BRDA:109,19,1,0
BRDA:122,20,0,0
BRDA:122,20,1,0
BRDA:126,21,0,0
BRDA:126,21,1,0
BRDA:137,22,0,0
BRDA:137,22,1,0
BRDA:137,23,0,0
BRDA:137,23,1,0
BRDA:166,24,0,0
BRDA:166,24,1,0
BRDA:172,25,0,0
BRDA:172,25,1,0
BRDA:174,26,0,0
BRDA:174,26,1,0
BRDA:180,27,0,0
BRDA:180,27,1,0
BRDA:206,28,0,0
BRDA:206,28,1,0
BRDA:208,29,0,0
BRDA:208,29,1,0
BRDA:221,30,0,0
BRDA:221,30,1,0
BRDA:222,31,0,0
BRDA:222,31,1,0
BRDA:228,32,0,0
BRDA:228,32,1,0
BRDA:228,33,0,0
BRDA:228,33,1,0
BRDA:235,34,0,0
BRDA:235,34,1,0
BRDA:235,35,0,0
BRDA:235,35,1,0
BRDA:240,36,0,0
BRDA:240,36,1,0
BRDA:252,37,0,0
BRDA:252,37,1,0
BRDA:252,38,0,0
BRDA:252,38,1,0
BRDA:253,39,0,0
BRDA:253,39,1,0
BRDA:253,39,2,0
BRDA:254,40,0,0
BRDA:254,40,1,0
BRDA:254,40,2,0
BRDA:257,41,0,0
BRDA:257,41,1,0
BRF:85
BRH:0
end_of_record
TN:
SF:js\services\offscreenService.js
FN:12,ensureOffscreenDocument
FN:34,(anonymous_1)
FN:66,sendToOffscreen
FN:69,(anonymous_3)
FN:70,(anonymous_4)
FN:86,(anonymous_5)
FN:97,(anonymous_6)
FN:109,sanitizeHtmlInOffscreen
FN:135,resizeImageInOffscreen
FN:170,renderTemplateInOffscreen
FN:203,parseHtmlInOffscreen
FN:229,cropImageInOffscreen
FN:256,composeThumbnailInOffscreen
FN:279,(anonymous_13)
FN:281,(anonymous_14)
FNF:15
FNH:0
FNDA:0,ensureOffscreenDocument
FNDA:0,(anonymous_1)
FNDA:0,sendToOffscreen
FNDA:0,(anonymous_3)
FNDA:0,(anonymous_4)
FNDA:0,(anonymous_5)
FNDA:0,(anonymous_6)
FNDA:0,sanitizeHtmlInOffscreen
FNDA:0,resizeImageInOffscreen
FNDA:0,renderTemplateInOffscreen
FNDA:0,parseHtmlInOffscreen
FNDA:0,cropImageInOffscreen
FNDA:0,composeThumbnailInOffscreen
FNDA:0,(anonymous_13)
FNDA:0,(anonymous_14)
DA:6,0
DA:7,0
DA:14,0
DA:15,0
DA:16,0
DA:20,0
DA:21,0
DA:22,0
DA:23,0
DA:24,0
DA:25,0
DA:29,0
DA:34,0
DA:35,0
DA:36,0
DA:37,0
DA:44,0
DA:45,0
DA:46,0
DA:48,0
DA:49,0
DA:50,0
DA:52,0
DA:56,0
DA:67,0
DA:69,0
DA:70,0
DA:71,0
DA:72,0
DA:73,0
DA:74,0
DA:76,0
DA:78,0
DA:80,0
DA:83,0
DA:86,0
DA:87,0
DA:89,0
DA:90,0
DA:92,0
DA:97,0
DA:98,0
DA:99,0
DA:110,0
DA:111,0
DA:112,0
DA:117,0
DA:118,0
DA:119,0
DA:121,0
DA:123,0
DA:141,0
DA:142,0
DA:143,0
DA:153,0
DA:154,0
DA:155,0
DA:157,0
DA:158,0
DA:176,0
DA:177,0
DA:178,0
DA:188,0
DA:189,0
DA:190,0
DA:192,0
DA:193,0
DA:204,0
DA:205,0
DA:210,0
DA:218,0
DA:219,0
DA:230,0
DA:231,0
DA:232,0
DA:240,0
DA:241,0
DA:242,0
DA:244,0
DA:245,0
DA:261,0
DA:262,0
DA:265,0
DA:266,0
DA:267,0
DA:271,0
DA:272,0
DA:273,0
DA:274,0
DA:278,0
DA:279,0
DA:280,0
DA:281,0
DA:282,0
DA:283,0
DA:285,0
DA:287,0
DA:295,0
DA:304,0
DA:305,0
DA:306,0
DA:308,0
DA:309,0
LF:103
LH:0
BRDA:14,0,0,0
BRDA:14,0,1,0
BRDA:20,1,0,0
BRDA:20,1,1,0
BRDA:23,2,0,0
BRDA:23,2,1,0
BRDA:66,3,0,0
BRDA:71,4,0,0
BRDA:71,4,1,0
BRDA:73,5,0,0
BRDA:73,5,1,0
BRDA:76,6,0,0
BRDA:76,6,1,0
BRDA:89,7,0,0
BRDA:89,7,1,0
BRDA:89,8,0,0
BRDA:89,8,1,0
BRDA:139,9,0,0
BRDA:174,10,0,0
BRDA:211,11,0,0
BRDA:211,11,1,0
BRDA:212,12,0,0
BRDA:212,12,1,0
BRDA:213,13,0,0
BRDA:213,13,1,0
BRDA:214,14,0,0
BRDA:214,14,1,0
BRDA:215,15,0,0
BRDA:215,15,1,0
BRDA:259,16,0,0
BRDA:266,17,0,0
BRDA:266,17,1,0
BRDA:266,18,0,0
BRDA:266,18,1,0
BRDA:273,19,0,0
BRDA:273,19,1,0
BRF:36
BRH:0
end_of_record
TN:
SF:js\services\promptService.js
FN:51,(anonymous_0)
FN:60,(anonymous_1)
FN:68,(anonymous_2)
FN:76,(anonymous_3)
FN:94,(anonymous_4)
FN:121,(anonymous_5)
FN:126,(anonymous_6)
FN:140,detectPersona
FN:153,(anonymous_8)
FNF:9
FNH:0
FNDA:0,(anonymous_0)
FNDA:0,(anonymous_1)
FNDA:0,(anonymous_2)
FNDA:0,(anonymous_3)
FNDA:0,(anonymous_4)
FNDA:0,(anonymous_5)
FNDA:0,(anonymous_6)
FNDA:0,detectPersona
FNDA:0,(anonymous_8)
DA:9,0
DA:52,0
DA:53,0
DA:54,0
DA:55,0
DA:56,0
DA:61,0
DA:62,0
DA:64,0
DA:69,0
DA:70,0
DA:72,0
DA:77,0
DA:78,0
DA:90,0
DA:95,0
DA:122,0
DA:128,0
DA:129,0
DA:130,0
DA:133,0
DA:141,0
DA:142,0
DA:145,0
DA:146,0
DA:147,0
DA:150,0
DA:153,0
LF:28
LH:0
BRDA:51,0,0,0
BRDA:53,1,0,0
BRDA:53,1,1,0
BRDA:61,2,0,0
BRDA:61,2,1,0
BRDA:69,3,0,0
BRDA:69,3,1,0
BRDA:77,4,0,0
BRDA:77,4,1,0
BRDA:77,5,0,0
BRDA:77,5,1,0
BRDA:111,6,0,0
BRDA:111,6,1,0
BRDA:129,7,0,0
BRDA:129,7,1,0
BRDA:145,8,0,0
BRDA:145,8,1,0
BRDA:146,9,0,0
BRDA:146,9,1,0
BRDA:147,10,0,0
BRDA:147,10,1,0
BRDA:150,11,0,0
BRDA:150,11,1,0
BRDA:153,12,0,0
BRDA:153,12,1,0
BRF:25
BRH:0
end_of_record
TN:
SF:js\services\scrapService.js
FN:14,saveScrapElement
FN:73,getFirebaseScraps
FN:79,(anonymous_2)
FN:86,(anonymous_3)
FN:121,(anonymous_4)
FN:126,(anonymous_5)
FN:127,(anonymous_6)
FN:134,(anonymous_7)
FN:155,getScrapDetail
FN:204,saveEntireAnalysis
FN:243,deleteScrap
FNF:11
FNH:0
FNDA:0,saveScrapElement
FNDA:0,getFirebaseScraps
FNDA:0,(anonymous_2)
FNDA:0,(anonymous_3)
FNDA:0,(anonymous_4)
FNDA:0,(anonymous_5)
FNDA:0,(anonymous_6)
FNDA:0,(anonymous_7)
FNDA:0,getScrapDetail
FNDA:0,saveEntireAnalysis
FNDA:0,deleteScrap
DA:15,0
DA:17,0
DA:38,0
DA:39,0
DA:41,0
DA:42,0
DA:46,0
DA:47,0
DA:51,0
DA:52,0
DA:53,0
DA:54,0
DA:56,0
DA:57,0
DA:63,0
DA:64,0
DA:74,0
DA:75,0
DA:76,0
DA:77,0
DA:78,0
DA:79,0
DA:81,0
DA:86,0
DA:88,0
DA:89,0
DA:92,0
DA:96,0
DA:97,0
DA:100,0
DA:104,0
DA:105,0
DA:108,0
DA:111,0
DA:114,0
DA:117,0
DA:120,0
DA:121,0
DA:126,0
DA:127,0
DA:128,0
DA:129,0
DA:142,0
DA:144,0
DA:145,0
DA:156,0
DA:157,0
DA:160,0
DA:161,0
DA:162,0
DA:163,0
DA:164,0
DA:166,0
DA:167,0
DA:171,0
DA:177,0
DA:180,0
DA:194,0
DA:195,0
DA:205,0
DA:206,0
DA:209,0
DA:210,0
DA:211,0
DA:212,0
DA:213,0
DA:214,0
DA:216,0
DA:225,0
DA:226,0
DA:227,0
DA:228,0
DA:230,0
DA:231,0
DA:233,0
DA:234,0
DA:244,0
DA:245,0
DA:248,0
DA:249,0
DA:250,0
DA:251,0
DA:253,0
DA:254,0
DA:256,0
DA:257,0
LF:86
LH:0
BRDA:14,0,0,0
BRDA:18,1,0,0
BRDA:18,1,1,0
BRDA:19,2,0,0
BRDA:19,2,1,0
BRDA:20,3,0,0
BRDA:20,3,1,0
BRDA:21,4,0,0
BRDA:21,4,1,0
BRDA:22,5,0,0
BRDA:22,5,1,0
BRDA:23,6,0,0
BRDA:23,6,1,0
BRDA:25,7,0,0
BRDA:25,7,1,0
BRDA:26,8,0,0
BRDA:26,8,1,0
BRDA:26,9,0,0
BRDA:26,9,1,0
BRDA:28,10,0,0
BRDA:28,10,1,0
BRDA:31,11,0,0
BRDA:31,11,1,0
BRDA:32,12,0,0
BRDA:32,12,1,0
BRDA:38,13,0,0
BRDA:38,13,1,0
BRDA:38,14,0,0
BRDA:38,14,1,0
BRDA:39,15,0,0
BRDA:39,15,1,0
BRDA:42,16,0,0
BRDA:42,16,1,0
BRDA:46,17,0,0
BRDA:46,17,1,0
BRDA:73,18,0,0
BRDA:78,19,0,0
BRDA:78,19,1,0
BRDA:88,20,0,0
BRDA:88,20,1,0
BRDA:88,21,0,0
BRDA:88,21,1,0
BRDA:96,22,0,0
BRDA:96,22,1,0
BRDA:104,23,0,0
BRDA:104,23,1,0
BRDA:121,24,0,0
BRDA:121,24,1,0
BRDA:121,25,0,0
BRDA:121,25,1,0
BRDA:128,26,0,0
BRDA:128,26,1,0
BRDA:155,27,0,0
BRDA:156,28,0,0
BRDA:156,28,1,0
BRDA:166,29,0,0
BRDA:166,29,1,0
BRDA:171,30,0,0
BRDA:171,30,1,0
BRDA:172,31,0,0
BRDA:172,31,1,0
BRDA:172,31,2,0
BRDA:172,31,3,0
BRDA:184,32,0,0
BRDA:184,32,1,0
BRDA:184,32,2,0
BRDA:185,33,0,0
BRDA:185,33,1,0
BRDA:186,34,0,0
BRDA:186,34,1,0
BRDA:188,35,0,0
BRDA:188,35,1,0
BRDA:188,36,0,0
BRDA:188,36,1,0
BRDA:189,37,0,0
BRDA:189,37,1,0
BRDA:190,38,0,0
BRDA:190,38,1,0
BRDA:205,39,0,0
BRDA:205,39,1,0
BRDA:244,40,0,0
BRDA:244,40,1,0
BRF:82
BRH:0
end_of_record
TN:
SF:js\services\thumbnailService.js
FN:14,validateTemplateData
FN:40,(anonymous_1)
FN:113,getThumbnailTemplates
FN:118,(anonymous_3)
FN:136,deleteTemplate
FN:159,generateThumbnailTexts
FN:166,(anonymous_6)
FNF:7
FNH:0
FNDA:0,validateTemplateData
FNDA:0,(anonymous_1)
FNDA:0,getThumbnailTemplates
FNDA:0,(anonymous_3)
FNDA:0,deleteTemplate
FNDA:0,generateThumbnailTexts
FNDA:0,(anonymous_6)
DA:15,0
DA:16,0
DA:20,0
DA:21,0
DA:24,0
DA:25,0
DA:28,0
DA:29,0
DA:32,0
DA:33,0
DA:39,0
DA:41,0
DA:45,0
DA:46,0
DA:52,0
DA:53,0
DA:56,0
DA:57,0
DA:61,0
DA:62,0
DA:65,0
DA:66,0
DA:72,0
DA:73,0
DA:74,0
DA:77,0
DA:78,0
DA:81,0
DA:82,0
DA:86,0
DA:88,0
DA:89,0
DA:91,0
DA:92,0
DA:94,0
DA:96,0
DA:97,0
DA:99,0
DA:100,0
DA:105,0
DA:106,0
DA:114,0
DA:115,0
DA:116,0
DA:117,0
DA:118,0
DA:123,0
DA:124,0
DA:126,0
DA:127,0
DA:137,0
DA:138,0
DA:141,0
DA:142,0
DA:143,0
DA:145,0
DA:146,0
DA:148,0
DA:149,0
DA:160,0
DA:161,0
DA:164,0
DA:165,0
DA:166,0
DA:169,0
DA:171,0
DA:172,0
DA:173,0
DA:174,0
DA:175,0
DA:177,0
DA:180,0
DA:184,0
DA:185,0
DA:188,0
DA:189,0
DA:191,0
DA:192,0
LF:78
LH:0
BRDA:15,0,0,0
BRDA:15,0,1,0
BRDA:20,1,0,0
BRDA:20,1,1,0
BRDA:20,2,0,0
BRDA:20,2,1,0
BRDA:24,3,0,0
BRDA:24,3,1,0
BRDA:24,4,0,0
BRDA:24,4,1,0
BRDA:28,5,0,0
BRDA:28,5,1,0
BRDA:28,6,0,0
BRDA:28,6,1,0
BRDA:32,7,0,0
BRDA:32,7,1,0
BRDA:32,8,0,0
BRDA:32,8,1,0
BRDA:41,9,0,0
BRDA:41,9,1,0
BRDA:41,9,2,0
BRDA:41,9,3,0
BRDA:45,10,0,0
BRDA:45,10,1,0
BRDA:56,11,0,0
BRDA:56,11,1,0
BRDA:56,12,0,0
BRDA:56,12,1,0
BRDA:61,13,0,0
BRDA:61,13,1,0
BRDA:61,14,0,0
BRDA:61,14,1,0
BRDA:65,15,0,0
BRDA:65,15,1,0
BRDA:65,16,0,0
BRDA:65,16,1,0
BRDA:65,16,2,0
BRDA:65,16,3,0
BRDA:72,17,0,0
BRDA:72,17,1,0
BRDA:73,18,0,0
BRDA:73,18,1,0
BRDA:73,19,0,0
BRDA:73,19,1,0
BRDA:77,20,0,0
BRDA:77,20,1,0
BRDA:81,21,0,0
BRDA:81,21,1,0
BRDA:81,22,0,0
BRDA:81,22,1,0
BRDA:86,23,0,0
BRDA:86,23,1,0
BRDA:88,24,0,0
BRDA:88,24,1,0
BRDA:88,25,0,0
BRDA:88,25,1,0
BRDA:88,25,2,0
[...]
BRDA:1231,303,0,0
BRDA:1231,303,1,0
BRDA:1233,304,0,0
BRDA:1233,304,1,0
BRDA:1235,305,0,0
BRDA:1235,305,1,0
BRDA:1240,306,0,0
BRDA:1240,306,1,0
BRDA:1250,307,0,0
BRDA:1250,307,1,0
BRDA:1262,308,0,0
BRDA:1262,308,1,0
BRDA:1265,309,0,0
BRDA:1265,309,1,0
BRDA:1268,310,0,0
BRDA:1268,310,1,0
BRDA:1350,311,0,0
BRDA:1350,311,1,0
BRDA:1351,312,0,0
BRDA:1351,312,1,0
BRDA:1351,313,0,0
BRDA:1351,313,1,0
BRDA:1357,314,0,0
BRDA:1357,314,1,0
BRDA:1362,315,0,0
BRDA:1362,315,1,0
BRDA:1363,316,0,0
BRDA:1363,316,1,0
BRDA:1369,317,0,0
BRDA:1369,317,1,0
BRDA:1369,317,2,0
BRDA:1373,318,0,0
BRDA:1373,318,1,0
BRDA:1383,319,0,0
BRDA:1383,319,1,0
BRDA:1388,320,0,0
BRDA:1388,320,1,0
BRDA:1395,321,0,0
BRDA:1395,321,1,0
BRDA:1397,322,0,0
BRDA:1397,322,1,0
BRDA:1417,323,0,0
BRDA:1417,323,1,0
BRDA:1419,324,0,0
BRDA:1419,324,1,0
BRDA:1432,325,0,0
BRDA:1432,325,1,0
BRDA:1437,326,0,0
BRDA:1437,326,1,0
BRDA:1437,327,0,0
BRDA:1437,327,1,0
BRDA:1440,328,0,0
BRDA:1440,328,1,0
BRDA:1440,329,0,0
BRDA:1440,329,1,0
BRDA:1440,329,2,0
BRDA:1442,330,0,0
BRDA:1442,330,1,0
BRDA:1442,331,0,0
BRDA:1442,331,1,0
BRDA:1452,332,0,0
BRDA:1452,332,1,0
BRDA:1452,333,0,0
BRDA:1452,333,1,0
BRDA:1460,334,0,0
BRDA:1460,334,1,0
BRDA:1472,335,0,0
BRDA:1472,335,1,0
BRDA:1472,336,0,0
BRDA:1472,336,1,0
BRDA:1478,337,0,0
BRDA:1478,337,1,0
BRDA:1478,338,0,0
BRDA:1478,338,1,0
BRDA:1478,338,2,0
BRDA:1492,339,0,0
BRDA:1492,339,1,0
BRDA:1498,340,0,0
BRDA:1498,340,1,0
BRDA:1498,341,0,0
BRDA:1498,341,1,0
BRDA:1498,341,2,0
BRDA:1515,342,0,0
BRDA:1515,342,1,0
BRDA:1515,343,0,0
BRDA:1515,343,1,0
BRDA:1528,344,0,0
BRDA:1528,344,1,0
BRDA:1528,345,0,0
BRDA:1528,345,1,0
BRDA:1528,345,2,0
BRDA:1530,346,0,0
BRDA:1530,346,1,0
BRDA:1532,347,0,0
BRDA:1532,347,1,0
BRDA:1542,348,0,0
BRDA:1542,348,1,0
BRDA:1556,349,0,0
BRDA:1556,349,1,0
BRDA:1556,350,0,0
BRDA:1556,350,1,0
BRDA:1556,350,2,0
BRDA:1558,351,0,0
BRDA:1558,351,1,0
BRDA:1559,352,0,0
BRDA:1559,352,1,0
BRDA:1566,353,0,0
BRDA:1582,354,0,0
BRDA:1582,354,1,0
BRDA:1582,355,0,0
BRDA:1582,355,1,0
BRDA:1582,355,2,0
BRDA:1585,356,0,0
BRDA:1585,356,1,0
BRDA:1585,357,0,0
BRDA:1585,357,1,0
BRDA:1585,357,2,0
BRDA:1588,358,0,0
BRDA:1588,358,1,0
BRDA:1601,359,0,0
BRDA:1603,360,0,0
BRDA:1603,360,1,0
BRDA:1603,361,0,0
BRDA:1603,361,1,0
BRDA:1618,362,0,0
BRDA:1618,362,1,0
BRDA:1618,362,2,0
BRDA:1619,363,0,0
BRDA:1619,363,1,0
BRDA:1621,364,0,0
BRDA:1621,364,1,0
BRDA:1626,365,0,0
BRDA:1626,365,1,0
BRDA:1626,366,0,0
BRDA:1626,366,1,0
BRDA:1634,367,0,0
BRDA:1634,367,1,0
BRDA:1638,368,0,0
BRDA:1638,368,1,0
BRDA:1642,369,0,0
BRDA:1642,369,1,0
BRDA:1642,370,0,0
BRDA:1642,370,1,0
BRDA:1645,371,0,0
BRDA:1645,371,1,0
BRDA:1651,372,0,0
BRDA:1651,372,1,0
BRDA:1657,373,0,0
BRDA:1657,373,1,0
BRDA:1657,374,0,0
BRDA:1657,374,1,0
BRDA:1658,375,0,0
BRDA:1658,375,1,0
BRDA:1658,375,2,0
BRDA:1663,376,0,0
BRDA:1663,376,1,0
BRDA:1663,377,0,0
BRDA:1663,377,1,0
BRDA:1663,377,2,0
BRDA:1665,378,0,0
BRDA:1665,378,1,0
BRDA:1667,379,0,0
BRDA:1667,379,1,0
BRDA:1668,380,0,0
BRDA:1668,380,1,0
BRDA:1670,381,0,0
BRDA:1670,381,1,0
BRDA:1671,382,0,0
BRDA:1671,382,1,0
BRDA:1674,383,0,0
BRDA:1674,383,1,0
BRDA:1679,384,0,0
BRDA:1679,384,1,0
BRDA:1685,385,0,0
BRDA:1685,385,1,0
BRDA:1696,386,0,0
BRDA:1696,386,1,0
BRDA:1696,387,0,0
BRDA:1696,387,1,0
BRDA:1705,388,0,0
BRDA:1705,388,1,0
BRDA:1707,389,0,0
BRDA:1707,389,1,0
BRDA:1707,390,0,0
BRDA:1707,390,1,0
BRDA:1712,391,0,0
BRDA:1712,391,1,0
BRDA:1718,392,0,0
BRDA:1718,392,1,0
BRDA:1718,393,0,0
BRDA:1718,393,1,0
BRDA:1737,394,0,0
BRDA:1737,394,1,0
BRDA:1737,395,0,0
BRDA:1737,395,1,0
BRDA:1742,396,0,0
BRDA:1742,396,1,0
BRDA:1748,397,0,0
BRDA:1748,397,1,0
BRDA:1748,398,0,0
BRDA:1748,398,1,0
BRDA:1768,399,0,0
BRDA:1768,399,1,0
BRDA:1768,400,0,0
BRDA:1768,400,1,0
BRDA:1768,400,2,0
BRDA:1775,401,0,0
BRDA:1775,401,1,0
BRDA:1777,402,0,0
BRDA:1777,402,1,0
BRDA:1778,403,0,0
BRDA:1778,403,1,0
BRDA:1793,404,0,0
BRDA:1793,404,1,0
BRDA:1793,405,0,0
BRDA:1793,405,1,0
BRDA:1806,406,0,0
BRDA:1806,406,1,0
BRDA:1811,407,0,0
BRDA:1811,407,1,0
BRDA:1811,408,0,0
BRDA:1811,408,1,0
BRDA:1811,408,2,0
BRDA:1821,409,0,0
BRDA:1821,409,1,0
BRDA:1827,410,0,0
BRDA:1827,410,1,0
BRDA:1828,411,0,0
BRDA:1828,411,1,0
BRDA:1829,412,0,0
BRDA:1829,412,1,0
BRDA:1833,413,0,0
BRDA:1833,413,1,0
BRDA:1834,414,0,0
BRDA:1834,414,1,0
BRDA:1844,415,0,0
BRDA:1844,415,1,0
BRDA:1849,416,0,0
BRDA:1849,416,1,0
BRDA:1856,417,0,0
BRDA:1856,417,1,0
BRDA:1858,418,0,0
BRDA:1858,418,1,0
BRDA:1878,419,0,0
BRDA:1878,419,1,0
BRDA:1880,420,0,0
BRDA:1880,420,1,0
BRDA:1895,421,0,0
BRDA:1895,421,1,0
BRDA:1899,422,0,0
BRDA:1899,422,1,0
BRDA:1899,423,0,0
BRDA:1899,423,1,0
BRDA:1908,424,0,0
BRDA:1908,424,1,0
BRDA:1908,425,0,0
BRDA:1908,425,1,0
BRDA:1908,425,2,0
BRDA:1911,426,0,0
BRDA:1911,426,1,0
BRDA:1911,427,0,0
BRDA:1911,427,1,0
BRDA:1927,428,0,0
BRDA:1927,428,1,0
BRDA:1927,429,0,0
BRDA:1927,429,1,0
BRDA:1939,430,0,0
BRDA:1939,430,1,0
BRDA:1959,431,0,0
BRDA:1959,431,1,0
BRDA:1959,432,0,0
BRDA:1959,432,1,0
BRDA:1969,433,0,0
BRDA:1969,433,1,0
BRDA:1969,434,0,0
BRDA:1969,434,1,0
BRDA:1969,434,2,0
BRDA:1985,435,0,0
BRDA:1985,435,1,0
BRDA:1988,436,0,0
BRDA:1988,436,1,0
BRDA:1988,437,0,0
BRDA:1988,437,1,0
BRDA:1997,438,0,0
BRDA:1997,438,1,0
BRDA:1997,439,0,0
BRDA:1997,439,1,0
BRDA:1997,439,2,0
BRDA:2013,440,0,0
BRDA:2013,440,1,0
BRDA:2022,441,0,0
BRDA:2022,441,1,0
BRDA:2022,442,0,0
BRDA:2022,442,1,0
BRDA:2022,442,2,0
BRDA:2065,443,0,0
BRDA:2065,443,1,0
BRDA:2065,444,0,0
BRDA:2065,444,1,0
BRDA:2075,445,0,0
BRDA:2075,445,1,0
BRDA:2075,446,0,0
BRDA:2075,446,1,0
BRDA:2075,446,2,0
BRDA:2085,447,0,0
BRDA:2085,447,1,0
BRDA:2085,448,0,0
BRDA:2085,448,1,0
BRDA:2091,449,0,0
BRDA:2091,449,1,0
BRDA:2091,450,0,0
BRDA:2091,450,1,0
BRDA:2106,451,0,0
BRDA:2106,451,1,0
BRDA:2106,452,0,0
BRDA:2106,452,1,0
BRDA:2109,453,0,0
BRDA:2109,453,1,0
BRDA:2110,454,0,0
BRDA:2110,454,1,0
BRDA:2117,455,0,0
BRDA:2117,455,1,0
BRDA:2131,456,0,0
BRDA:2131,456,1,0
BRDA:2131,457,0,0
BRDA:2131,457,1,0
BRDA:2134,458,0,0
BRDA:2134,458,1,0
BRDA:2135,459,0,0
BRDA:2135,459,1,0
BRDA:2138,460,0,0
BRDA:2138,460,1,0
BRDA:2139,461,0,0
BRDA:2139,461,1,0
BRDA:2143,462,0,0
BRDA:2143,462,1,0
BRDA:2143,463,0,0
BRDA:2143,463,1,0
BRDA:2146,464,0,0
BRDA:2146,464,1,0
BRDA:2151,465,0,0
BRDA:2151,465,1,0
BRDA:2152,466,0,0
BRDA:2152,466,1,0
BRDA:2155,467,0,0
BRDA:2155,467,1,0
BRDA:2155,468,0,0
BRDA:2155,468,1,0
BRDA:2158,469,0,0
BRDA:2158,469,1,0
BRDA:2163,470,0,0
BRDA:2163,470,1,0
BRDA:2168,471,0,0
BRDA:2168,471,1,0
BRDA:2168,472,0,0
BRDA:2168,472,1,0
BRDA:2171,473,0,0
BRDA:2171,473,1,0
BRDA:2172,474,0,0
BRDA:2172,474,1,0
BRDA:2181,475,0,0
BRDA:2181,475,1,0
BRDA:2181,476,0,0
BRDA:2181,476,1,0
BRDA:2192,477,0,0
BRDA:2192,477,1,0
BRDA:2192,478,0,0
BRDA:2192,478,1,0
BRDA:2194,479,0,0
BRDA:2194,479,1,0
BRDA:2207,480,0,0
BRDA:2207,480,1,0
BRDA:2208,481,0,0
BRDA:2208,481,1,0
BRDA:2208,481,2,0
BRDA:2210,482,0,0
BRDA:2210,482,1,0
BRDA:2210,483,0,0
BRDA:2210,483,1,0
BRDA:2217,484,0,0
BRDA:2217,484,1,0
BRDA:2217,485,0,0
BRDA:2217,485,1,0
BRDA:2219,486,0,0
BRDA:2219,486,1,0
BRDA:2228,487,0,0
BRDA:2228,487,1,0
BRDA:2231,488,0,0
BRDA:2231,488,1,0
BRDA:2231,488,2,0
BRDA:2237,489,0,0
BRDA:2237,489,1,0
BRDA:2238,490,0,0
BRDA:2238,490,1,0
BRDA:2240,491,0,0
BRDA:2240,491,1,0
BRDA:2243,492,0,0
BRDA:2243,492,1,0
BRDA:2244,493,0,0
BRDA:2244,493,1,0
BRDA:2246,494,0,0
BRDA:2246,494,1,0
BRDA:2255,495,0,0
BRDA:2255,495,1,0
BRDA:2260,496,0,0
BRDA:2260,496,1,0
BRDA:2260,497,0,0
BRDA:2260,497,1,0
BRDA:2260,497,2,0
BRDA:2264,498,0,0
BRDA:2264,498,1,0
BRDA:2265,499,0,0
BRDA:2265,499,1,0
BRDA:2265,499,2,0
BRDA:2267,500,0,0
BRDA:2267,500,1,0
BRDA:2271,501,0,0
BRDA:2271,501,1,0
BRDA:2271,501,2,0
BRDA:2272,502,0,0
BRDA:2272,502,1,0
BRDA:2286,503,0,0
BRDA:2286,503,1,0
BRDA:2287,504,0,0
BRDA:2287,504,1,0
BRDA:2287,504,2,0
BRDA:2289,505,0,0
BRDA:2289,505,1,0
BRDA:2290,506,0,0
BRDA:2290,506,1,0
BRDA:2291,507,0,0
BRDA:2291,507,1,0
BRDA:2298,508,0,0
BRDA:2298,508,1,0
BRDA:2316,509,0,0
BRDA:2316,509,1,0
BRDA:2322,510,0,0
BRDA:2322,510,1,0
BRDA:2322,511,0,0
BRDA:2322,511,1,0
BRDA:2322,511,2,0
BRDA:2344,512,0,0
BRDA:2344,512,1,0
BRDA:2344,513,0,0
BRDA:2344,513,1,0
BRDA:2344,513,2,0
BRDA:2344,513,3,0
BRDA:2344,513,4,0
BRDA:2348,514,0,0
BRDA:2348,514,1,0
BRDA:2349,515,0,0
BRDA:2349,515,1,0
BRDA:2350,516,0,0
BRDA:2350,516,1,0
BRDA:2351,517,0,0
BRDA:2351,517,1,0
BRDA:2352,518,0,0
BRDA:2352,518,1,0
BRDA:2353,519,0,0
BRDA:2353,519,1,0
BRDA:2355,520,0,0
BRDA:2355,520,1,0
BRDA:2360,521,0,0
BRDA:2360,521,1,0
BRDA:2365,522,0,0
BRDA:2365,522,1,0
BRDA:2369,523,0,0
BRDA:2369,523,1,0
BRDA:2369,524,0,0
BRDA:2369,524,1,0
BRDA:2376,525,0,0
BRDA:2376,525,1,0
BRDA:2377,526,0,0
BRDA:2377,526,1,0
BRDA:2378,527,0,0
BRDA:2378,527,1,0
BRDA:2379,528,0,0
BRDA:2379,528,1,0
BRDA:2380,529,0,0
BRDA:2380,529,1,0
BRDA:2381,530,0,0
BRDA:2381,530,1,0
BRDA:2386,531,0,0
BRDA:2386,531,1,0
BRDA:2386,531,2,0
BRDA:2387,532,0,0
BRDA:2387,532,1,0
BRDA:2387,532,2,0
BRDA:2388,533,0,0
BRDA:2388,533,1,0
BRDA:2392,534,0,0
BRDA:2392,534,1,0
BRDA:2395,535,0,0
BRDA:2395,535,1,0
BRDA:2395,536,0,0
BRDA:2395,536,1,0
BRDA:2395,536,2,0
BRDA:2401,537,0,0
BRDA:2401,537,1,0
BRDA:2401,538,0,0
BRDA:2401,538,1,0
BRDA:2414,539,0,0
BRDA:2414,539,1,0
BRDA:2420,540,0,0
BRDA:2420,540,1,0
BRDA:2420,541,0,0
BRDA:2420,541,1,0
BRDA:2425,542,0,0
BRDA:2425,542,1,0
BRDA:2426,543,0,0
BRDA:2426,543,1,0
BRDA:2431,544,0,0
BRDA:2431,544,1,0
BRDA:2436,545,0,0
BRDA:2436,545,1,0
BRDA:2438,546,0,0
BRDA:2438,546,1,0
BRDA:2476,547,0,0
BRDA:2476,547,1,0
BRDA:2481,548,0,0
BRDA:2481,548,1,0
BRDA:2485,549,0,0
BRDA:2485,549,1,0
BRDA:2485,550,0,0
BRDA:2485,550,1,0
BRDA:2492,551,0,0
BRDA:2492,551,1,0
BRDA:2495,552,0,0
BRDA:2495,552,1,0
BRDA:2501,553,0,0
BRDA:2501,553,1,0
BRDA:2503,554,0,0
BRDA:2503,554,1,0
BRDA:2506,555,0,0
BRDA:2506,555,1,0
BRDA:2514,556,0,0
BRDA:2514,556,1,0
BRDA:2518,557,0,0
BRDA:2518,557,1,0
BRDA:2532,558,0,0
BRDA:2532,558,1,0
BRDA:2532,559,0,0
BRDA:2532,559,1,0
BRDA:2538,560,0,0
BRDA:2538,560,1,0
BRDA:2538,561,0,0
BRDA:2538,561,1,0
BRDA:2545,562,0,0
BRDA:2545,562,1,0
BRDA:2545,563,0,0
BRDA:2545,563,1,0
BRDA:2554,564,0,0
BRDA:2554,564,1,0
BRDA:2554,565,0,0
BRDA:2554,565,1,0
BRDA:2554,565,2,0
BRDA:2555,566,0,0
BRDA:2555,566,1,0
BRDA:2556,567,0,0
BRDA:2556,567,1,0
BRDA:2556,568,0,0
BRDA:2556,568,1,0
BRDA:2556,568,2,0
BRDA:2556,568,3,0
BRDA:2579,569,0,0
BRDA:2579,569,1,0
BRDA:2583,570,0,0
BRDA:2583,570,1,0
BRDA:2586,571,0,0
BRDA:2586,571,1,0
BRDA:2589,572,0,0
BRDA:2589,572,1,0
BRDA:2589,573,0,0
BRDA:2589,573,1,0
BRDA:2594,574,0,0
BRDA:2594,574,1,0
BRDA:2594,575,0,0
BRDA:2594,575,1,0
BRDA:2594,575,2,0
BRDA:2594,575,3,0
BRDA:2600,576,0,0
BRDA:2600,576,1,0
BRDA:2601,577,0,0
BRDA:2601,577,1,0
BRDA:2601,578,0,0
BRDA:2601,578,1,0
BRDA:2601,578,2,0
BRDA:2611,579,0,0
BRDA:2611,579,1,0
BRDA:2611,580,0,0
BRDA:2611,580,1,0
BRDA:2620,581,0,0
BRDA:2620,581,1,0
BRDA:2634,582,0,0
BRDA:2634,582,1,0
BRDA:2634,583,0,0
BRDA:2634,583,1,0
BRDA:2634,583,2,0
BRDA:2637,584,0,0
BRDA:2637,584,1,0
BRDA:2642,585,0,0
BRDA:2642,585,1,0
BRDA:2642,585,2,0
BRDA:2643,586,0,0
BRDA:2643,586,1,0
BRDA:2644,587,0,0
BRDA:2644,587,1,0
BRDA:2645,588,0,0
BRDA:2645,588,1,0
BRDA:2649,589,0,0
BRDA:2649,589,1,0
BRDA:2656,590,0,0
BRDA:2656,590,1,0
BRDA:2659,591,0,0
BRDA:2659,591,1,0
BRDA:2665,592,0,0
BRDA:2665,592,1,0
BRDA:2671,593,0,0
BRDA:2671,593,1,0
BRDA:2674,594,0,0
BRDA:2674,594,1,0
BRDA:2681,595,0,0
BRDA:2681,595,1,0
BRDA:2686,596,0,0
BRDA:2686,596,1,0
BRDA:2686,597,0,0
BRDA:2686,597,1,0
BRDA:2691,598,0,0
BRDA:2691,598,1,0
BRDA:2691,599,0,0
BRDA:2691,599,1,0
BRDA:2692,600,0,0
BRDA:2692,600,1,0
BRDA:2694,601,0,0
BRDA:2694,601,1,0
BRDA:2700,602,0,0
BRDA:2700,602,1,0
BRDA:2702,603,0,0
BRDA:2702,603,1,0
BRDA:2703,604,0,0
BRDA:2705,605,0,0
BRDA:2705,605,1,0
BRDA:2705,606,0,0
BRDA:2705,606,1,0
BRDA:2716,607,0,0
BRDA:2716,607,1,0
BRDA:2729,608,0,0
BRDA:2729,608,1,0
BRDA:2729,609,0,0
BRDA:2729,609,1,0
BRDA:2729,609,2,0
BRDA:2731,610,0,0
BRDA:2731,610,1,0
BRDA:2737,611,0,0
BRDA:2737,611,1,0
BRDA:2739,612,0,0
BRDA:2739,612,1,0
BRDA:2747,613,0,0
BRDA:2747,613,1,0
BRDA:2751,614,0,0
BRDA:2751,614,1,0
BRDA:2754,615,0,0
BRDA:2754,615,1,0
BRDA:2754,616,0,0
BRDA:2754,616,1,0
BRDA:2754,616,2,0
BRDA:2756,617,0,0
BRDA:2756,617,1,0
BRDA:2758,618,0,0
BRDA:2758,618,1,0
BRDA:2758,619,0,0
BRDA:2758,619,1,0
BRDA:2762,620,0,0
BRDA:2762,620,1,0
BRDA:2768,621,0,0
BRDA:2768,621,1,0
BRDA:2774,622,0,0
BRDA:2774,622,1,0
BRDA:2774,623,0,0
BRDA:2774,623,1,0
BRDA:2776,624,0,0
BRDA:2776,624,1,0
BRDA:2780,625,0,0
BRDA:2780,625,1,0
BRDA:2782,626,0,0
BRDA:2782,626,1,0
BRDA:2786,627,0,0
BRDA:2786,627,1,0
BRDA:2792,628,0,0
BRDA:2792,628,1,0
BRDA:2797,629,0,0
BRDA:2797,629,1,0
BRDA:2800,630,0,0
BRDA:2800,630,1,0
BRDA:2808,631,0,0
BRDA:2808,631,1,0
BRDA:2808,632,0,0
BRDA:2808,632,1,0
BRDA:2828,633,0,0
BRDA:2828,633,1,0
BRDA:2828,634,0,0
BRDA:2828,634,1,0
BRDA:2828,634,2,0
BRDA:2828,634,3,0
BRDA:2831,635,0,0
BRDA:2831,635,1,0
BRDA:2840,636,0,0
BRDA:2840,636,1,0
BRDA:2840,637,0,0
BRDA:2840,637,1,0
BRDA:2843,638,0,0
BRDA:2843,638,1,0
BRDA:2848,639,0,0
BRDA:2848,639,1,0
BRDA:2849,640,0,0
BRDA:2849,640,1,0
BRDA:2851,641,0,0
BRDA:2851,641,1,0
BRDA:2854,642,0,0
BRDA:2854,642,1,0
BRDA:2869,643,0,0
BRDA:2869,643,1,0
BRDA:2877,644,0,0
BRDA:2877,644,1,0
BRDA:2883,645,0,0
BRDA:2883,645,1,0
BRDA:2885,646,0,0
BRDA:2885,646,1,0
BRDA:2886,647,0,0
BRDA:2886,647,1,0
BRDA:2901,648,0,0
BRDA:2901,648,1,0
BRDA:2901,649,0,0
BRDA:2901,649,1,0
BRDA:2904,650,0,0
BRDA:2904,650,1,0
BRDA:2909,651,0,0
BRDA:2909,651,1,0
BRDA:2910,652,0,0
BRDA:2910,652,1,0
BRDA:2912,653,0,0
BRDA:2912,653,1,0
BRDA:2915,654,0,0
BRDA:2915,654,1,0
BRDA:2922,655,0,0
BRDA:2922,655,1,0
BRDA:2931,656,0,0
BRDA:2931,656,1,0
BRDA:2944,657,0,0
BRDA:2944,657,1,0
BRDA:2948,658,0,0
BRDA:2948,658,1,0
BRDA:2948,659,0,0
BRDA:2948,659,1,0
BRDA:2951,660,0,0
BRDA:2951,660,1,0
BRDA:2955,661,0,0
BRDA:2955,661,1,0
BRDA:2957,662,0,0
BRDA:2957,662,1,0
BRDA:2961,663,0,0
BRDA:2961,663,1,0
BRDA:2964,664,0,0
BRDA:2964,664,1,0
BRDA:2971,665,0,0
BRDA:2971,665,1,0
BRDA:2974,666,0,0
BRDA:2974,666,1,0
BRDA:2974,666,2,0
BRDA:2974,666,3,0
BRDA:2979,667,0,0
BRDA:2979,667,1,0
BRDA:2990,668,0,0
BRDA:2990,668,1,0
BRDA:2993,669,0,0
BRDA:2993,669,1,0
BRDA:2997,670,0,0
BRDA:2997,670,1,0
BRDA:3014,671,0,0
BRDA:3014,671,1,0
BRDA:3014,672,0,0
BRDA:3014,672,1,0
BRDA:3015,673,0,0
BRDA:3015,673,1,0
BRDA:3015,673,2,0
BRDA:3031,674,0,0
BRDA:3031,674,1,0
BRDA:3034,675,0,0
BRDA:3034,675,1,0
BRDA:3044,676,0,0
BRDA:3044,676,1,0
BRDA:3048,677,0,0
BRDA:3048,677,1,0
BRDA:3052,678,0,0
BRDA:3052,678,1,0
BRDA:3054,679,0,0
BRDA:3054,679,1,0
BRDA:3054,679,2,0
BRDA:3054,679,3,0
BRDA:3070,680,0,0
BRDA:3070,680,1,0
BRDA:3073,681,0,0
BRDA:3073,681,1,0
BRDA:3073,682,0,0
BRDA:3073,682,1,0
BRDA:3075,683,0,0
BRDA:3075,683,1,0
BRDA:3075,683,2,0
BRDA:3075,683,3,0
BRDA:3085,684,0,0
BRDA:3085,684,1,0
BRDA:3099,685,0,0
BRDA:3099,685,1,0
BRDA:3102,686,0,0
BRDA:3102,686,1,0
BRDA:3102,686,2,0
BRDA:3109,687,0,0
BRDA:3109,687,1,0
BRDA:3109,688,0,0
BRDA:3109,688,1,0
BRDA:3111,689,0,0
BRDA:3111,689,1,0
BRDA:3114,690,0,0
BRDA:3114,690,1,0
BRDA:3114,691,0,0
BRDA:3114,691,1,0
BRDA:3118,692,0,0
BRDA:3118,692,1,0
BRDA:3118,693,0,0
BRDA:3118,693,1,0
BRDA:3120,694,0,0
BRDA:3120,694,1,0
BRDA:3134,695,0,0
BRDA:3134,695,1,0
BRDA:3135,696,0,0
BRDA:3135,696,1,0
BRDA:3138,697,0,0
BRDA:3138,697,1,0
BRDA:3138,698,0,0
BRDA:3138,698,1,0
BRDA:3145,699,0,0
BRDA:3145,699,1,0
BRDA:3145,700,0,0
BRDA:3145,700,1,0
BRDA:3150,701,0,0
BRDA:3150,701,1,0
BRDA:3150,702,0,0
BRDA:3150,702,1,0
BRDA:3155,703,0,0
BRDA:3155,703,1,0
BRDA:3155,704,0,0
BRDA:3155,704,1,0
BRDA:3163,705,0,0
BRDA:3163,705,1,0
BRDA:3163,706,0,0
BRDA:3163,706,1,0
BRDA:3165,707,0,0
BRDA:3165,707,1,0
BRDA:3168,708,0,0
BRDA:3168,708,1,0
BRDA:3168,709,0,0
BRDA:3168,709,1,0
BRDA:3171,710,0,0
BRDA:3171,710,1,0
BRDA:3175,711,0,0
BRDA:3175,711,1,0
BRDA:3175,712,0,0
BRDA:3175,712,1,0
BRDA:3177,713,0,0
BRDA:3177,713,1,0
BRDA:3185,714,0,0
BRDA:3185,714,1,0
BRDA:3185,715,0,0
BRDA:3185,715,1,0
BRDA:3193,716,0,0
BRDA:3193,716,1,0
BRDA:3193,717,0,0
BRDA:3193,717,1,0
BRDA:3195,718,0,0
BRDA:3195,718,1,0
BRDA:3199,719,0,0
BRDA:3199,719,1,0
BRDA:3199,720,0,0
BRDA:3199,720,1,0
BRDA:3201,721,0,0
BRDA:3201,721,1,0
BRDA:3204,722,0,0
BRDA:3204,722,1,0
BRDA:3205,723,0,0
BRDA:3205,723,1,0
BRDA:3206,724,0,0
BRDA:3206,724,1,0
BRDA:3207,725,0,0
BRDA:3207,725,1,0
BRDA:3208,726,0,0
BRDA:3208,726,1,0
BRDA:3208,726,2,0
BRDA:3208,726,3,0
BRDA:3226,727,0,0
BRDA:3226,727,1,0
BRDA:3228,728,0,0
BRDA:3228,728,1,0
BRDA:3232,729,0,0
BRDA:3232,729,1,0
BRDA:3238,730,0,0
BRDA:3238,730,1,0
BRDA:3238,731,0,0
BRDA:3238,731,1,0
BRDA:3240,732,0,0
BRDA:3240,732,1,0
BRDA:3240,733,0,0
BRDA:3240,733,1,0
BRDA:3244,734,0,0
BRDA:3244,734,1,0
BRDA:3255,735,0,0
BRDA:3255,735,1,0
BRDA:3264,736,0,0
BRDA:3264,736,1,0
BRDA:3272,737,0,0
BRDA:3272,737,1,0
BRDA:3272,738,0,0
BRDA:3272,738,1,0
BRDA:3276,739,0,0
BRDA:3276,739,1,0
BRDA:3278,740,0,0
BRDA:3278,740,1,0
BRDA:3283,741,0,0
BRDA:3283,741,1,0
BRDA:3283,742,0,0
BRDA:3283,742,1,0
BRDA:3291,743,0,0
BRDA:3291,743,1,0
BRDA:3295,744,0,0
BRDA:3295,744,1,0
BRDA:3299,745,0,0
BRDA:3299,745,1,0
BRDA:3299,746,0,0
BRDA:3299,746,1,0
BRDA:3302,747,0,0
BRDA:3302,747,1,0
BRDA:3316,748,0,0
BRDA:3316,748,1,0
BRDA:3316,749,0,0
BRDA:3316,749,1,0
BRDA:3317,750,0,0
BRDA:3317,750,1,0
BRDA:3318,751,0,0
BRDA:3318,751,1,0
BRDA:3320,752,0,0
BRDA:3320,752,1,0
BRDA:3321,753,0,0
BRDA:3321,753,1,0
BRDA:3322,754,0,0
BRDA:3322,754,1,0
BRDA:3323,755,0,0
BRDA:3323,755,1,0
BRDA:3324,756,0,0
BRDA:3324,756,1,0
BRDA:3324,756,2,0
BRDA:3324,756,3,0
BRDA:3331,757,0,0
BRDA:3331,757,1,0
BRDA:3337,758,0,0
BRDA:3337,758,1,0
BRDA:3345,759,0,0
BRDA:3345,759,1,0
BRDA:3348,760,0,0
BRDA:3348,760,1,0
BRDA:3355,761,0,0
BRDA:3355,761,1,0
BRDA:3360,762,0,0
BRDA:3360,762,1,0
BRDA:3360,763,0,0
BRDA:3360,763,1,0
BRDA:3365,764,0,0
BRDA:3365,764,1,0
BRDA:3365,765,0,0
BRDA:3365,765,1,0
BRDA:3366,766,0,0
BRDA:3366,766,1,0
BRDA:3366,767,0,0
BRDA:3366,767,1,0
BRDA:3366,768,0,0
BRDA:3366,768,1,0
BRDA:3373,769,0,0
BRDA:3373,769,1,0
BRDA:3384,770,0,0
BRDA:3384,770,1,0
BRDA:3385,771,0,0
BRDA:3385,771,1,0
BRDA:3387,772,0,0
BRDA:3387,772,1,0
BRDA:3387,773,0,0
BRDA:3387,773,1,0
BRDA:3399,774,0,0
BRDA:3399,774,1,0
BRDA:3408,775,0,0
BRDA:3408,775,1,0
BRDA:3412,776,0,0
BRDA:3412,776,1,0
BRDA:3412,777,0,0
BRDA:3412,777,1,0
BRDA:3412,777,2,0
BRDA:3414,778,0,0
BRDA:3414,778,1,0
BRDA:3417,779,0,0
BRDA:3417,779,1,0
BRDA:3424,780,0,0
BRDA:3424,780,1,0
BRDA:3426,781,0,0
BRDA:3426,781,1,0
BRDA:3428,782,0,0
BRDA:3430,783,0,0
BRDA:3430,783,1,0
BRDA:3430,784,0,0
BRDA:3430,784,1,0
BRDA:3449,785,0,0
BRDA:3449,785,1,0
BRDA:3461,786,0,0
BRDA:3461,786,1,0
BRDA:3467,787,0,0
BRDA:3467,787,1,0
BRDA:3474,788,0,0
BRDA:3474,788,1,0
BRDA:3474,789,0,0
BRDA:3474,789,1,0
BRDA:3474,789,2,0
BRDA:3494,790,0,0
BRDA:3494,790,1,0
BRDA:3500,791,0,0
BRDA:3500,791,1,0
BRDA:3501,792,0,0
BRDA:3501,792,1,0
BRDA:3508,793,0,0
BRDA:3508,793,1,0
BRDA:3511,794,0,0
BRDA:3511,794,1,0
BRDA:3520,795,0,0
BRDA:3520,795,1,0
BRDA:3525,796,0,0
BRDA:3525,796,1,0
BRDA:3532,797,0,0
BRDA:3532,797,1,0
BRDA:3534,798,0,0
BRDA:3534,798,1,0
BRDA:3554,799,0,0
BRDA:3554,799,1,0
BRDA:3556,800,0,0
BRDA:3556,800,1,0
BRDA:3570,801,0,0
BRDA:3570,801,1,0
BRDA:3575,802,0,0
BRDA:3575,802,1,0
BRDA:3575,803,0,0
BRDA:3575,803,1,0
BRDA:3582,804,0,0
BRDA:3582,804,1,0
BRDA:3582,805,0,0
BRDA:3582,805,1,0
BRDA:3582,805,2,0
BRDA:3585,806,0,0
BRDA:3585,806,1,0
BRDA:3585,807,0,0
BRDA:3585,807,1,0
BRDA:3601,808,0,0
BRDA:3601,808,1,0
BRDA:3601,809,0,0
BRDA:3601,809,1,0
BRDA:3613,810,0,0
BRDA:3613,810,1,0
BRDA:3633,811,0,0
BRDA:3633,811,1,0
BRDA:3633,812,0,0
BRDA:3633,812,1,0
BRDA:3642,813,0,0
BRDA:3642,813,1,0
BRDA:3642,814,0,0
BRDA:3642,814,1,0
BRDA:3642,814,2,0
BRDA:3656,815,0,0
BRDA:3656,815,1,0
BRDA:3659,816,0,0
BRDA:3659,816,1,0
BRDA:3659,817,0,0
BRDA:3659,817,1,0
BRDA:3668,818,0,0
BRDA:3668,818,1,0
BRDA:3668,819,0,0
BRDA:3668,819,1,0
BRDA:3668,819,2,0
BRDA:3684,820,0,0
BRDA:3684,820,1,0
BRDA:3693,821,0,0
BRDA:3693,821,1,0
BRDA:3693,822,0,0
BRDA:3693,822,1,0
BRDA:3693,822,2,0
BRDA:3716,823,0,0
BRDA:3716,823,1,0
BRF:1730
BRH:0
end_of_record
TN:
SF:js\utils\editor-markdown-auto.js
FNF:0
FNH:0
LF:0
LH:0
BRF:0
BRH:0
end_of_record
TN:
SF:js\utils\markdownToQuill.js
FNF:0
FNH:0
LF:0
LH:0
BRF:0
BRH:0
end_of_record
